<?xml version="1.0" encoding="UTF-8"?>
<!-- Generated by org.testng.reporters.JUnitReportReporter -->
<testsuite hostname="MCBL-8856" failures="1" tests="21" name="testRuns.CardPaymentScreenTest" time="1148.954" errors="5" timestamp="2022-12-26T14:16:43 IST" skipped="1">
  <testcase classname="testRuns.CardPaymentScreenTest" name="verifyCardPaymentScreen" time="41.164"/>
  <system-out/>
  <testcase classname="testRuns.CardPaymentScreenTest" name="verifyEmptyCardNumberError" time="40.788"/>
  <system-out/>
  <testcase classname="testRuns.CardPaymentScreenTest" name="verifyInvalidCardNumberError" time="61.175"/>
  <system-out/>
  <testcase classname="testRuns.CardPaymentScreenTest" name="verifyEmptyExpiryDateError" time="41.679"/>
  <system-out/>
  <testcase classname="testRuns.CardPaymentScreenTest" name="verifyInvalidExpiryDateError" time="44.104"/>
  <system-out/>
  <testcase classname="testRuns.CardPaymentScreenTest" name="verifyEmptyCardHolderNameError" time="39.553"/>
  <system-out/>
  <testcase classname="testRuns.CardPaymentScreenTest" name="verifyInvalidCardHolderNameError" time="41.638"/>
  <system-out/>
  <testcase classname="testRuns.CardPaymentScreenTest" name="verifyEmptyCvvError" time="42.120"/>
  <system-out/>
  <testcase classname="testRuns.CardPaymentScreenTest" name="verifyInvalidCvvError" time="72.567">
    <error message="Expected condition failed: waiting for presence of element located by: By.xpath: //*[@text=&#039;Enter valid CVV&#039;] (tried for 30 second(s) with 500 MILLISECONDS interval)" type="org.openqa.selenium.TimeoutException">
      <![CDATA[org.openqa.selenium.TimeoutException: Expected condition failed: waiting for presence of element located by: By.xpath: //*[@text='Enter valid CVV'] (tried for 30 second(s) with 500 MILLISECONDS interval)
at org.openqa.selenium.support.ui.WebDriverWait.timeoutException(WebDriverWait.java:80)
at org.openqa.selenium.support.ui.FluentWait.until(FluentWait.java:232)
at pageObjects.InitialiseSDKPageObjects.explicitwait(InitialiseSDKPageObjects.java:81)
at pageObjects.CardPaymentPageObjects.verifyErrorMessage(CardPaymentPageObjects.java:101)
at pageObjects.CardPaymentPageObjects.invalidCvv(CardPaymentPageObjects.java:297)
at testRuns.CardPaymentScreenTest.verifyInvalidCvvError(CardPaymentScreenTest.java:277)
at java.base/jdk.internal.reflect.DirectMethodHandleAccessor.invoke(DirectMethodHandleAccessor.java:104)
at java.base/java.lang.reflect.Method.invoke(Method.java:577)
at org.testng.internal.MethodInvocationHelper.invokeMethod(MethodInvocationHelper.java:133)
at org.testng.internal.TestInvoker.invokeMethod(TestInvoker.java:598)
at org.testng.internal.TestInvoker.invokeTestMethod(TestInvoker.java:173)
at org.testng.internal.MethodRunner.runInSequence(MethodRunner.java:46)
at org.testng.internal.TestInvoker$MethodInvocationAgent.invoke(TestInvoker.java:824)
at org.testng.internal.TestInvoker.invokeTestMethods(TestInvoker.java:146)
at org.testng.internal.TestMethodWorker.invokeTestMethods(TestMethodWorker.java:146)
at org.testng.internal.TestMethodWorker.run(TestMethodWorker.java:128)
at java.base/java.util.ArrayList.forEach(ArrayList.java:1511)
at org.testng.TestRunner.privateRun(TestRunner.java:794)
at org.testng.TestRunner.run(TestRunner.java:596)
at org.testng.SuiteRunner.runTest(SuiteRunner.java:377)
at org.testng.SuiteRunner.runSequentially(SuiteRunner.java:371)
at org.testng.SuiteRunner.privateRun(SuiteRunner.java:332)
at org.testng.SuiteRunner.run(SuiteRunner.java:276)
at org.testng.SuiteRunnerWorker.runSuite(SuiteRunnerWorker.java:53)
at org.testng.SuiteRunnerWorker.run(SuiteRunnerWorker.java:96)
at org.testng.TestNG.runSuitesSequentially(TestNG.java:1212)
at org.testng.TestNG.runSuitesLocally(TestNG.java:1134)
at org.testng.TestNG.runSuites(TestNG.java:1063)
at org.testng.TestNG.run(TestNG.java:1031)
at org.testng.remote.AbstractRemoteTestNG.run(AbstractRemoteTestNG.java:115)
at org.testng.remote.RemoteTestNG.initAndRun(RemoteTestNG.java:251)
at org.testng.remote.RemoteTestNG.main(RemoteTestNG.java:77)
Caused by: org.openqa.selenium.NoSuchElementException: Cannot locate an element using By.xpath: //*[@text='Enter valid CVV']
For documentation on this error, please visit: http://seleniumhq.org/exceptions/no_such_element.html
Build info: version: '3.4.0', revision: 'unknown', time: 'unknown'
System info: host: 'MCBL-8856', ip: '172.20.7.50', os.name: 'Windows 10', os.arch: 'amd64', os.version: '10.0', java.version: '18.0.2'
Driver info: driver.version: unknown
at org.openqa.selenium.support.ui.ExpectedConditions.lambda$findElement$0(ExpectedConditions.java:883)
at java.base/java.util.Optional.orElseThrow(Optional.java:403)
at org.openqa.selenium.support.ui.ExpectedConditions.findElement(ExpectedConditions.java:882)
at org.openqa.selenium.support.ui.ExpectedConditions.access$000(ExpectedConditions.java:44)
at org.openqa.selenium.support.ui.ExpectedConditions$6.apply(ExpectedConditions.java:183)
at org.openqa.selenium.support.ui.ExpectedConditions$6.apply(ExpectedConditions.java:180)
at org.openqa.selenium.support.ui.FluentWait.until(FluentWait.java:209)
... 30 more
]]>
    </error>
  </testcase> <!-- verifyInvalidCvvError -->
  <system-out/>
  <testcase classname="testRuns.CardPaymentScreenTest" name="verifySuccessfulCardPaymentJcb" time="51.941">
    <error message="An element could not be located on the page using the given search parameters.
For documentation on this error, please visit: http://seleniumhq.org/exceptions/no_such_element.html
Build info: version: &#039;3.4.0&#039;, revision: &#039;unknown&#039;, time: &#039;unknown&#039;
System info: host: &#039;MCBL-8856&#039;, ip: &#039;172.20.7.50&#039;, os.name: &#039;Windows 10&#039;, os.arch: &#039;amd64&#039;, os.version: &#039;10.0&#039;, java.version: &#039;18.0.2&#039;
Driver info: io.appium.java_client.android.AndroidDriver
Capabilities [{appPackage=com.mahidracomviva.payplus.sdkdemo, statBarHeight=88.0, viewportRect={top=88.0, left=0.0, width=1080.0, height=2080.0}, deviceName=RZCT80GY6XM, platform=LINUX, deviceUDID=RZCT80GY6XM, desired={appPackage=com.mahidracomviva.payplus.sdkdemo, appActivity=.MainActivity, reportDirectory=reports, unicodeKeyboard=true, resetkeyboard=true, platformName=Android, udid=RZCT80GY6XM, deviceName=samsung SM-G781B}, platformVersion=12, webStorageEnabled=false, takesScreenshot=true, reportDirectory=reports, javascriptEnabled=true, unicodeKeyboard=true, resetkeyboard=true, platformName=Android, udid=RZCT80GY6XM, deviceApiLevel=31.0, deviceManufacturer=samsung, deviceScreenSize=1080x2400, networkConnectionEnabled=true, warnings={}, databaseEnabled=false, appActivity=.MainActivity, pixelRatio=3.0, locationContextEnabled=false, deviceScreenDensity=480.0, deviceModel=SM-G781B}]
Session ID: 2ea2b74c-7ad6-4f4f-8d85-ba6ead6aae95
*** Element info: {Using=xpath, value=//*[@text=&#039;Transaction Successful&#039;]}" type="org.openqa.selenium.NoSuchElementException">
      <![CDATA[org.openqa.selenium.NoSuchElementException: An element could not be located on the page using the given search parameters.
For documentation on this error, please visit: http://seleniumhq.org/exceptions/no_such_element.html
Build info: version: '3.4.0', revision: 'unknown', time: 'unknown'
System info: host: 'MCBL-8856', ip: '172.20.7.50', os.name: 'Windows 10', os.arch: 'amd64', os.version: '10.0', java.version: '18.0.2'
Driver info: io.appium.java_client.android.AndroidDriver
Capabilities [{appPackage=com.mahidracomviva.payplus.sdkdemo, statBarHeight=88.0, viewportRect={top=88.0, left=0.0, width=1080.0, height=2080.0}, deviceName=RZCT80GY6XM, platform=LINUX, deviceUDID=RZCT80GY6XM, desired={appPackage=com.mahidracomviva.payplus.sdkdemo, appActivity=.MainActivity, reportDirectory=reports, unicodeKeyboard=true, resetkeyboard=true, platformName=Android, udid=RZCT80GY6XM, deviceName=samsung SM-G781B}, platformVersion=12, webStorageEnabled=false, takesScreenshot=true, reportDirectory=reports, javascriptEnabled=true, unicodeKeyboard=true, resetkeyboard=true, platformName=Android, udid=RZCT80GY6XM, deviceApiLevel=31.0, deviceManufacturer=samsung, deviceScreenSize=1080x2400, networkConnectionEnabled=true, warnings={}, databaseEnabled=false, appActivity=.MainActivity, pixelRatio=3.0, locationContextEnabled=false, deviceScreenDensity=480.0, deviceModel=SM-G781B}]
Session ID: 2ea2b74c-7ad6-4f4f-8d85-ba6ead6aae95
*** Element info: {Using=xpath, value=//*[@text='Transaction Successful']}
at java.base/jdk.internal.reflect.DirectConstructorHandleAccessor.newInstance(DirectConstructorHandleAccessor.java:67)
at java.base/java.lang.reflect.Constructor.newInstanceWithCaller(Constructor.java:499)
at java.base/java.lang.reflect.Constructor.newInstance(Constructor.java:483)
at org.openqa.selenium.remote.http.W3CHttpResponseCodec.createException(W3CHttpResponseCodec.java:150)
at org.openqa.selenium.remote.http.W3CHttpResponseCodec.decode(W3CHttpResponseCodec.java:115)
at org.openqa.selenium.remote.http.W3CHttpResponseCodec.decode(W3CHttpResponseCodec.java:45)
at org.openqa.selenium.remote.HttpCommandExecutor.execute(HttpCommandExecutor.java:164)
at io.appium.java_client.remote.AppiumCommandExecutor.execute(AppiumCommandExecutor.java:69)
at org.openqa.selenium.remote.RemoteWebDriver.execute(RemoteWebDriver.java:637)
at io.appium.java_client.DefaultGenericMobileDriver.execute(DefaultGenericMobileDriver.java:40)
at io.appium.java_client.AppiumDriver.execute(AppiumDriver.java:1)
at io.appium.java_client.android.AndroidDriver.execute(AndroidDriver.java:1)
at org.openqa.selenium.remote.RemoteWebDriver.findElement(RemoteWebDriver.java:410)
at io.appium.java_client.DefaultGenericMobileDriver.findElement(DefaultGenericMobileDriver.java:56)
at io.appium.java_client.AppiumDriver.findElement(AppiumDriver.java:1)
at io.appium.java_client.android.AndroidDriver.findElement(AndroidDriver.java:1)
at org.openqa.selenium.remote.RemoteWebDriver.findElementByXPath(RemoteWebDriver.java:509)
at io.appium.java_client.DefaultGenericMobileDriver.findElementByXPath(DefaultGenericMobileDriver.java:134)
at io.appium.java_client.AppiumDriver.findElementByXPath(AppiumDriver.java:1)
at io.appium.java_client.android.AndroidDriver.findElementByXPath(AndroidDriver.java:1)
at pageObjects.CardPaymentPageObjects.verifySuccessPopUp(CardPaymentPageObjects.java:314)
at testRuns.CardPaymentScreenTest.verifySuccessfulCardPaymentJcb(CardPaymentScreenTest.java:396)
at java.base/jdk.internal.reflect.DirectMethodHandleAccessor.invoke(DirectMethodHandleAccessor.java:104)
at java.base/java.lang.reflect.Method.invoke(Method.java:577)
at org.testng.internal.MethodInvocationHelper.invokeMethod(MethodInvocationHelper.java:133)
at org.testng.internal.TestInvoker.invokeMethod(TestInvoker.java:598)
at org.testng.internal.TestInvoker.invokeTestMethod(TestInvoker.java:173)
at org.testng.internal.MethodRunner.runInSequence(MethodRunner.java:46)
at org.testng.internal.TestInvoker$MethodInvocationAgent.invoke(TestInvoker.java:824)
at org.testng.internal.TestInvoker.invokeTestMethods(TestInvoker.java:146)
at org.testng.internal.TestMethodWorker.invokeTestMethods(TestMethodWorker.java:146)
at org.testng.internal.TestMethodWorker.run(TestMethodWorker.java:128)
at java.base/java.util.ArrayList.forEach(ArrayList.java:1511)
at org.testng.TestRunner.privateRun(TestRunner.java:794)
at org.testng.TestRunner.run(TestRunner.java:596)
at org.testng.SuiteRunner.runTest(SuiteRunner.java:377)
at org.testng.SuiteRunner.runSequentially(SuiteRunner.java:371)
at org.testng.SuiteRunner.privateRun(SuiteRunner.java:332)
at org.testng.SuiteRunner.run(SuiteRunner.java:276)
at org.testng.SuiteRunnerWorker.runSuite(SuiteRunnerWorker.java:53)
at org.testng.SuiteRunnerWorker.run(SuiteRunnerWorker.java:96)
at org.testng.TestNG.runSuitesSequentially(TestNG.java:1212)
at org.testng.TestNG.runSuitesLocally(TestNG.java:1134)
at org.testng.TestNG.runSuites(TestNG.java:1063)
at org.testng.TestNG.run(TestNG.java:1031)
at org.testng.remote.AbstractRemoteTestNG.run(AbstractRemoteTestNG.java:115)
at org.testng.remote.RemoteTestNG.initAndRun(RemoteTestNG.java:251)
at org.testng.remote.RemoteTestNG.main(RemoteTestNG.java:77)
]]>
    </error>
  </testcase> <!-- verifySuccessfulCardPaymentJcb -->
  <system-out/>
  <testcase classname="testRuns.CardPaymentScreenTest" name="verifySavedCard" time="88.839">
    <failure message="expected [true] but found [false]" type="java.lang.AssertionError">
      <![CDATA[java.lang.AssertionError: expected [true] but found [false]
at org.testng.Assert.fail(Assert.java:99)
at org.testng.Assert.failNotEquals(Assert.java:1037)
at org.testng.Assert.assertTrue(Assert.java:45)
at org.testng.Assert.assertTrue(Assert.java:55)
at org.testng.asserts.Assertion$2.doAssert(Assertion.java:96)
at org.testng.asserts.Assertion.executeAssert(Assertion.java:25)
at org.testng.asserts.Assertion.doAssert(Assertion.java:12)
at org.testng.asserts.Assertion.assertTrue(Assertion.java:92)
at pageObjects.CardPaymentPageObjects.checkIfCardIsSaved(CardPaymentPageObjects.java:418)
at testRuns.CardPaymentScreenTest.verifySavedCard(CardPaymentScreenTest.java:492)
at java.base/jdk.internal.reflect.DirectMethodHandleAccessor.invoke(DirectMethodHandleAccessor.java:104)
at java.base/java.lang.reflect.Method.invoke(Method.java:577)
at org.testng.internal.MethodInvocationHelper.invokeMethod(MethodInvocationHelper.java:133)
at org.testng.internal.TestInvoker.invokeMethod(TestInvoker.java:598)
at org.testng.internal.TestInvoker.invokeTestMethod(TestInvoker.java:173)
at org.testng.internal.MethodRunner.runInSequence(MethodRunner.java:46)
at org.testng.internal.TestInvoker$MethodInvocationAgent.invoke(TestInvoker.java:824)
at org.testng.internal.TestInvoker.invokeTestMethods(TestInvoker.java:146)
at org.testng.internal.TestMethodWorker.invokeTestMethods(TestMethodWorker.java:146)
at org.testng.internal.TestMethodWorker.run(TestMethodWorker.java:128)
at java.base/java.util.ArrayList.forEach(ArrayList.java:1511)
at org.testng.TestRunner.privateRun(TestRunner.java:794)
at org.testng.TestRunner.run(TestRunner.java:596)
at org.testng.SuiteRunner.runTest(SuiteRunner.java:377)
at org.testng.SuiteRunner.runSequentially(SuiteRunner.java:371)
at org.testng.SuiteRunner.privateRun(SuiteRunner.java:332)
at org.testng.SuiteRunner.run(SuiteRunner.java:276)
at org.testng.SuiteRunnerWorker.runSuite(SuiteRunnerWorker.java:53)
at org.testng.SuiteRunnerWorker.run(SuiteRunnerWorker.java:96)
at org.testng.TestNG.runSuitesSequentially(TestNG.java:1212)
at org.testng.TestNG.runSuitesLocally(TestNG.java:1134)
at org.testng.TestNG.runSuites(TestNG.java:1063)
at org.testng.TestNG.run(TestNG.java:1031)
at org.testng.remote.AbstractRemoteTestNG.run(AbstractRemoteTestNG.java:115)
at org.testng.remote.RemoteTestNG.initAndRun(RemoteTestNG.java:251)
at org.testng.remote.RemoteTestNG.main(RemoteTestNG.java:77)
]]>
    </failure>
  </testcase> <!-- verifySavedCard -->
  <system-out/>
  <testcase classname="testRuns.CardPaymentScreenTest" name="verifySuccessfulCardPaymentSavedCard" time="50.465"/>
  <system-out/>
  <testcase classname="testRuns.CardPaymentScreenTest" name="cancelDeleteOfSavedCard" time="37.327">
    <error message="An element could not be located on the page using the given search parameters.
For documentation on this error, please visit: http://seleniumhq.org/exceptions/no_such_element.html
Build info: version: &#039;3.4.0&#039;, revision: &#039;unknown&#039;, time: &#039;unknown&#039;
System info: host: &#039;MCBL-8856&#039;, ip: &#039;172.20.7.50&#039;, os.name: &#039;Windows 10&#039;, os.arch: &#039;amd64&#039;, os.version: &#039;10.0&#039;, java.version: &#039;18.0.2&#039;
Driver info: io.appium.java_client.android.AndroidDriver
Capabilities [{appPackage=com.mahidracomviva.payplus.sdkdemo, statBarHeight=88.0, viewportRect={top=88.0, left=0.0, width=1080.0, height=2080.0}, deviceName=RZCT80GY6XM, platform=LINUX, deviceUDID=RZCT80GY6XM, desired={appPackage=com.mahidracomviva.payplus.sdkdemo, appActivity=.MainActivity, reportDirectory=reports, unicodeKeyboard=true, resetkeyboard=true, platformName=Android, udid=RZCT80GY6XM, deviceName=samsung SM-G781B}, platformVersion=12, webStorageEnabled=false, takesScreenshot=true, reportDirectory=reports, javascriptEnabled=true, unicodeKeyboard=true, resetkeyboard=true, platformName=Android, udid=RZCT80GY6XM, deviceApiLevel=31.0, deviceManufacturer=samsung, deviceScreenSize=1080x2400, networkConnectionEnabled=true, warnings={}, databaseEnabled=false, appActivity=.MainActivity, pixelRatio=3.0, locationContextEnabled=false, deviceScreenDensity=480.0, deviceModel=SM-G781B}]
Session ID: 92ab31be-b8d4-4763-b671-43d07c2dd030
*** Element info: {Using=xpath, value=//*[@text=&#039;Cards&#039;]}" type="org.openqa.selenium.NoSuchElementException">
      <![CDATA[org.openqa.selenium.NoSuchElementException: An element could not be located on the page using the given search parameters.
For documentation on this error, please visit: http://seleniumhq.org/exceptions/no_such_element.html
Build info: version: '3.4.0', revision: 'unknown', time: 'unknown'
System info: host: 'MCBL-8856', ip: '172.20.7.50', os.name: 'Windows 10', os.arch: 'amd64', os.version: '10.0', java.version: '18.0.2'
Driver info: io.appium.java_client.android.AndroidDriver
Capabilities [{appPackage=com.mahidracomviva.payplus.sdkdemo, statBarHeight=88.0, viewportRect={top=88.0, left=0.0, width=1080.0, height=2080.0}, deviceName=RZCT80GY6XM, platform=LINUX, deviceUDID=RZCT80GY6XM, desired={appPackage=com.mahidracomviva.payplus.sdkdemo, appActivity=.MainActivity, reportDirectory=reports, unicodeKeyboard=true, resetkeyboard=true, platformName=Android, udid=RZCT80GY6XM, deviceName=samsung SM-G781B}, platformVersion=12, webStorageEnabled=false, takesScreenshot=true, reportDirectory=reports, javascriptEnabled=true, unicodeKeyboard=true, resetkeyboard=true, platformName=Android, udid=RZCT80GY6XM, deviceApiLevel=31.0, deviceManufacturer=samsung, deviceScreenSize=1080x2400, networkConnectionEnabled=true, warnings={}, databaseEnabled=false, appActivity=.MainActivity, pixelRatio=3.0, locationContextEnabled=false, deviceScreenDensity=480.0, deviceModel=SM-G781B}]
Session ID: 92ab31be-b8d4-4763-b671-43d07c2dd030
*** Element info: {Using=xpath, value=//*[@text='Cards']}
at java.base/jdk.internal.reflect.DirectConstructorHandleAccessor.newInstance(DirectConstructorHandleAccessor.java:67)
at java.base/java.lang.reflect.Constructor.newInstanceWithCaller(Constructor.java:499)
at java.base/java.lang.reflect.Constructor.newInstance(Constructor.java:483)
at org.openqa.selenium.remote.http.W3CHttpResponseCodec.createException(W3CHttpResponseCodec.java:150)
at org.openqa.selenium.remote.http.W3CHttpResponseCodec.decode(W3CHttpResponseCodec.java:115)
at org.openqa.selenium.remote.http.W3CHttpResponseCodec.decode(W3CHttpResponseCodec.java:45)
at org.openqa.selenium.remote.HttpCommandExecutor.execute(HttpCommandExecutor.java:164)
at io.appium.java_client.remote.AppiumCommandExecutor.execute(AppiumCommandExecutor.java:69)
at org.openqa.selenium.remote.RemoteWebDriver.execute(RemoteWebDriver.java:637)
at io.appium.java_client.DefaultGenericMobileDriver.execute(DefaultGenericMobileDriver.java:40)
at io.appium.java_client.AppiumDriver.execute(AppiumDriver.java:1)
at io.appium.java_client.android.AndroidDriver.execute(AndroidDriver.java:1)
at org.openqa.selenium.remote.RemoteWebDriver.findElement(RemoteWebDriver.java:410)
at io.appium.java_client.DefaultGenericMobileDriver.findElement(DefaultGenericMobileDriver.java:56)
at io.appium.java_client.AppiumDriver.findElement(AppiumDriver.java:1)
at io.appium.java_client.android.AndroidDriver.findElement(AndroidDriver.java:1)
at org.openqa.selenium.remote.RemoteWebDriver.findElementByXPath(RemoteWebDriver.java:509)
at io.appium.java_client.DefaultGenericMobileDriver.findElementByXPath(DefaultGenericMobileDriver.java:134)
at io.appium.java_client.AppiumDriver.findElementByXPath(AppiumDriver.java:1)
at io.appium.java_client.android.AndroidDriver.findElementByXPath(AndroidDriver.java:1)
at pageObjects.InitialiseSDKPageObjects.clickButton(InitialiseSDKPageObjects.java:99)
at pageObjects.CardPaymentPageObjects.goToSavedCard(CardPaymentPageObjects.java:77)
at testRuns.CardPaymentScreenTest.cancelDeleteOfSavedCard(CardPaymentScreenTest.java:551)
at java.base/jdk.internal.reflect.DirectMethodHandleAccessor.invoke(DirectMethodHandleAccessor.java:104)
at java.base/java.lang.reflect.Method.invoke(Method.java:577)
at org.testng.internal.MethodInvocationHelper.invokeMethod(MethodInvocationHelper.java:133)
at org.testng.internal.TestInvoker.invokeMethod(TestInvoker.java:598)
at org.testng.internal.TestInvoker.invokeTestMethod(TestInvoker.java:173)
at org.testng.internal.MethodRunner.runInSequence(MethodRunner.java:46)
at org.testng.internal.TestInvoker$MethodInvocationAgent.invoke(TestInvoker.java:824)
at org.testng.internal.TestInvoker.invokeTestMethods(TestInvoker.java:146)
at org.testng.internal.TestMethodWorker.invokeTestMethods(TestMethodWorker.java:146)
at org.testng.internal.TestMethodWorker.run(TestMethodWorker.java:128)
at java.base/java.util.ArrayList.forEach(ArrayList.java:1511)
at org.testng.TestRunner.privateRun(TestRunner.java:794)
at org.testng.TestRunner.run(TestRunner.java:596)
at org.testng.SuiteRunner.runTest(SuiteRunner.java:377)
at org.testng.SuiteRunner.runSequentially(SuiteRunner.java:371)
at org.testng.SuiteRunner.privateRun(SuiteRunner.java:332)
at org.testng.SuiteRunner.run(SuiteRunner.java:276)
at org.testng.SuiteRunnerWorker.runSuite(SuiteRunnerWorker.java:53)
at org.testng.SuiteRunnerWorker.run(SuiteRunnerWorker.java:96)
at org.testng.TestNG.runSuitesSequentially(TestNG.java:1212)
at org.testng.TestNG.runSuitesLocally(TestNG.java:1134)
at org.testng.TestNG.runSuites(TestNG.java:1063)
at org.testng.TestNG.run(TestNG.java:1031)
at org.testng.remote.AbstractRemoteTestNG.run(AbstractRemoteTestNG.java:115)
at org.testng.remote.RemoteTestNG.initAndRun(RemoteTestNG.java:251)
at org.testng.remote.RemoteTestNG.main(RemoteTestNG.java:77)
]]>
    </error>
  </testcase> <!-- cancelDeleteOfSavedCard -->
  <system-out/>
  <testcase classname="testRuns.CardPaymentScreenTest" name="verifyCardPaymentFailureOrderIdRefreshOnClickOfChangePaymentModeOnWalletPaymentSuccess" time="71.430"/>
  <system-out/>
  <testcase classname="testRuns.CardPaymentScreenTest" name="verifyCardWithInvalidCardPaymentScreen" time="97.402">
    <error message="Expected condition failed: waiting for presence of element located by: By.xpath: //*[contains(@text,&#039;Transaction failedError code:&#039;)] (tried for 30 second(s) with 500 MILLISECONDS interval)" type="org.openqa.selenium.TimeoutException">
      <![CDATA[org.openqa.selenium.TimeoutException: Expected condition failed: waiting for presence of element located by: By.xpath: //*[contains(@text,'Transaction failedError code:')] (tried for 30 second(s) with 500 MILLISECONDS interval)
at org.openqa.selenium.support.ui.WebDriverWait.timeoutException(WebDriverWait.java:80)
at org.openqa.selenium.support.ui.FluentWait.until(FluentWait.java:232)
at pageObjects.InitialiseSDKPageObjects.explicitwait(InitialiseSDKPageObjects.java:81)
at pageObjects.CardPaymentPageObjects.failureCardPaymentVisa(CardPaymentPageObjects.java:548)
at testRuns.CardPaymentScreenTest.verifyCardWithInvalidCardPaymentScreen(CardPaymentScreenTest.java:611)
at java.base/jdk.internal.reflect.DirectMethodHandleAccessor.invoke(DirectMethodHandleAccessor.java:104)
at java.base/java.lang.reflect.Method.invoke(Method.java:577)
at org.testng.internal.MethodInvocationHelper.invokeMethod(MethodInvocationHelper.java:133)
at org.testng.internal.TestInvoker.invokeMethod(TestInvoker.java:598)
at org.testng.internal.TestInvoker.invokeTestMethod(TestInvoker.java:173)
at org.testng.internal.MethodRunner.runInSequence(MethodRunner.java:46)
at org.testng.internal.TestInvoker$MethodInvocationAgent.invoke(TestInvoker.java:824)
at org.testng.internal.TestInvoker.invokeTestMethods(TestInvoker.java:146)
at org.testng.internal.TestMethodWorker.invokeTestMethods(TestMethodWorker.java:146)
at org.testng.internal.TestMethodWorker.run(TestMethodWorker.java:128)
at java.base/java.util.ArrayList.forEach(ArrayList.java:1511)
at org.testng.TestRunner.privateRun(TestRunner.java:794)
at org.testng.TestRunner.run(TestRunner.java:596)
at org.testng.SuiteRunner.runTest(SuiteRunner.java:377)
at org.testng.SuiteRunner.runSequentially(SuiteRunner.java:371)
at org.testng.SuiteRunner.privateRun(SuiteRunner.java:332)
at org.testng.SuiteRunner.run(SuiteRunner.java:276)
at org.testng.SuiteRunnerWorker.runSuite(SuiteRunnerWorker.java:53)
at org.testng.SuiteRunnerWorker.run(SuiteRunnerWorker.java:96)
at org.testng.TestNG.runSuitesSequentially(TestNG.java:1212)
at org.testng.TestNG.runSuitesLocally(TestNG.java:1134)
at org.testng.TestNG.runSuites(TestNG.java:1063)
at org.testng.TestNG.run(TestNG.java:1031)
at org.testng.remote.AbstractRemoteTestNG.run(AbstractRemoteTestNG.java:115)
at org.testng.remote.RemoteTestNG.initAndRun(RemoteTestNG.java:251)
at org.testng.remote.RemoteTestNG.main(RemoteTestNG.java:77)
Caused by: org.openqa.selenium.NoSuchElementException: Cannot locate an element using By.xpath: //*[contains(@text,'Transaction failedError code:')]
For documentation on this error, please visit: http://seleniumhq.org/exceptions/no_such_element.html
Build info: version: '3.4.0', revision: 'unknown', time: 'unknown'
System info: host: 'MCBL-8856', ip: '172.20.7.50', os.name: 'Windows 10', os.arch: 'amd64', os.version: '10.0', java.version: '18.0.2'
Driver info: driver.version: unknown
at org.openqa.selenium.support.ui.ExpectedConditions.lambda$findElement$0(ExpectedConditions.java:883)
at java.base/java.util.Optional.orElseThrow(Optional.java:403)
at org.openqa.selenium.support.ui.ExpectedConditions.findElement(ExpectedConditions.java:882)
at org.openqa.selenium.support.ui.ExpectedConditions.access$000(ExpectedConditions.java:44)
at org.openqa.selenium.support.ui.ExpectedConditions$6.apply(ExpectedConditions.java:183)
at org.openqa.selenium.support.ui.ExpectedConditions$6.apply(ExpectedConditions.java:180)
at org.openqa.selenium.support.ui.FluentWait.until(FluentWait.java:209)
... 29 more
]]>
    </error>
  </testcase> <!-- verifyCardWithInvalidCardPaymentScreen -->
  <system-out/>
  <testcase classname="testRuns.CardPaymentScreenTest" name="verifyCardWithInvalidCard_Click_On_Retry_to_Make_successfull_payemnt" time="78.823">
    <error message="An element could not be located on the page using the given search parameters.
For documentation on this error, please visit: http://seleniumhq.org/exceptions/no_such_element.html
Build info: version: &#039;3.4.0&#039;, revision: &#039;unknown&#039;, time: &#039;unknown&#039;
System info: host: &#039;MCBL-8856&#039;, ip: &#039;172.20.7.50&#039;, os.name: &#039;Windows 10&#039;, os.arch: &#039;amd64&#039;, os.version: &#039;10.0&#039;, java.version: &#039;18.0.2&#039;
Driver info: io.appium.java_client.android.AndroidDriver
Capabilities [{appPackage=com.mahidracomviva.payplus.sdkdemo, statBarHeight=88.0, viewportRect={top=88.0, left=0.0, width=1080.0, height=2080.0}, deviceName=RZCT80GY6XM, platform=LINUX, deviceUDID=RZCT80GY6XM, desired={appPackage=com.mahidracomviva.payplus.sdkdemo, appActivity=.MainActivity, reportDirectory=reports, unicodeKeyboard=true, resetkeyboard=true, platformName=Android, udid=RZCT80GY6XM, deviceName=samsung SM-G781B}, platformVersion=12, webStorageEnabled=false, takesScreenshot=true, reportDirectory=reports, javascriptEnabled=true, unicodeKeyboard=true, resetkeyboard=true, platformName=Android, udid=RZCT80GY6XM, deviceApiLevel=31.0, deviceManufacturer=samsung, deviceScreenSize=1080x2400, networkConnectionEnabled=true, warnings={}, databaseEnabled=false, appActivity=.MainActivity, pixelRatio=3.0, locationContextEnabled=false, deviceScreenDensity=480.0, deviceModel=SM-G781B}]
Session ID: cfc8b15a-71b2-42e7-9033-f9c4a3f00867
*** Element info: {Using=xpath, value=//*[@resource-id=&#039;com.mahidracomviva.payplus.sdkdemo:id/payplus_sdk_retry_button&#039;]}" type="org.openqa.selenium.NoSuchElementException">
      <![CDATA[org.openqa.selenium.NoSuchElementException: An element could not be located on the page using the given search parameters.
For documentation on this error, please visit: http://seleniumhq.org/exceptions/no_such_element.html
Build info: version: '3.4.0', revision: 'unknown', time: 'unknown'
System info: host: 'MCBL-8856', ip: '172.20.7.50', os.name: 'Windows 10', os.arch: 'amd64', os.version: '10.0', java.version: '18.0.2'
Driver info: io.appium.java_client.android.AndroidDriver
Capabilities [{appPackage=com.mahidracomviva.payplus.sdkdemo, statBarHeight=88.0, viewportRect={top=88.0, left=0.0, width=1080.0, height=2080.0}, deviceName=RZCT80GY6XM, platform=LINUX, deviceUDID=RZCT80GY6XM, desired={appPackage=com.mahidracomviva.payplus.sdkdemo, appActivity=.MainActivity, reportDirectory=reports, unicodeKeyboard=true, resetkeyboard=true, platformName=Android, udid=RZCT80GY6XM, deviceName=samsung SM-G781B}, platformVersion=12, webStorageEnabled=false, takesScreenshot=true, reportDirectory=reports, javascriptEnabled=true, unicodeKeyboard=true, resetkeyboard=true, platformName=Android, udid=RZCT80GY6XM, deviceApiLevel=31.0, deviceManufacturer=samsung, deviceScreenSize=1080x2400, networkConnectionEnabled=true, warnings={}, databaseEnabled=false, appActivity=.MainActivity, pixelRatio=3.0, locationContextEnabled=false, deviceScreenDensity=480.0, deviceModel=SM-G781B}]
Session ID: cfc8b15a-71b2-42e7-9033-f9c4a3f00867
*** Element info: {Using=xpath, value=//*[@resource-id='com.mahidracomviva.payplus.sdkdemo:id/payplus_sdk_retry_button']}
at java.base/jdk.internal.reflect.DirectConstructorHandleAccessor.newInstance(DirectConstructorHandleAccessor.java:67)
at java.base/java.lang.reflect.Constructor.newInstanceWithCaller(Constructor.java:499)
at java.base/java.lang.reflect.Constructor.newInstance(Constructor.java:483)
at org.openqa.selenium.remote.http.W3CHttpResponseCodec.createException(W3CHttpResponseCodec.java:150)
at org.openqa.selenium.remote.http.W3CHttpResponseCodec.decode(W3CHttpResponseCodec.java:115)
at org.openqa.selenium.remote.http.W3CHttpResponseCodec.decode(W3CHttpResponseCodec.java:45)
at org.openqa.selenium.remote.HttpCommandExecutor.execute(HttpCommandExecutor.java:164)
at io.appium.java_client.remote.AppiumCommandExecutor.execute(AppiumCommandExecutor.java:69)
at org.openqa.selenium.remote.RemoteWebDriver.execute(RemoteWebDriver.java:637)
at io.appium.java_client.DefaultGenericMobileDriver.execute(DefaultGenericMobileDriver.java:40)
at io.appium.java_client.AppiumDriver.execute(AppiumDriver.java:1)
at io.appium.java_client.android.AndroidDriver.execute(AndroidDriver.java:1)
at org.openqa.selenium.remote.RemoteWebDriver.findElement(RemoteWebDriver.java:410)
at io.appium.java_client.DefaultGenericMobileDriver.findElement(DefaultGenericMobileDriver.java:56)
at io.appium.java_client.AppiumDriver.findElement(AppiumDriver.java:1)
at io.appium.java_client.android.AndroidDriver.findElement(AndroidDriver.java:1)
at org.openqa.selenium.remote.RemoteWebDriver.findElementByXPath(RemoteWebDriver.java:509)
at io.appium.java_client.DefaultGenericMobileDriver.findElementByXPath(DefaultGenericMobileDriver.java:134)
at io.appium.java_client.AppiumDriver.findElementByXPath(AppiumDriver.java:1)
at io.appium.java_client.android.AndroidDriver.findElementByXPath(AndroidDriver.java:1)
at pageObjects.InitialiseSDKPageObjects.clickButton(InitialiseSDKPageObjects.java:99)
at pageObjects.CardPaymentPageObjects.RetryCardPaymentusingVisa(CardPaymentPageObjects.java:677)
at testRuns.CardPaymentScreenTest.verifyCardWithInvalidCard_Click_On_Retry_to_Make_successfull_payemnt(CardPaymentScreenTest.java:730)
at java.base/jdk.internal.reflect.DirectMethodHandleAccessor.invoke(DirectMethodHandleAccessor.java:104)
at java.base/java.lang.reflect.Method.invoke(Method.java:577)
at org.testng.internal.MethodInvocationHelper.invokeMethod(MethodInvocationHelper.java:133)
at org.testng.internal.TestInvoker.invokeMethod(TestInvoker.java:598)
at org.testng.internal.TestInvoker.invokeTestMethod(TestInvoker.java:173)
at org.testng.internal.MethodRunner.runInSequence(MethodRunner.java:46)
at org.testng.internal.TestInvoker$MethodInvocationAgent.invoke(TestInvoker.java:824)
at org.testng.internal.TestInvoker.invokeTestMethods(TestInvoker.java:146)
at org.testng.internal.TestMethodWorker.invokeTestMethods(TestMethodWorker.java:146)
at org.testng.internal.TestMethodWorker.run(TestMethodWorker.java:128)
at java.base/java.util.ArrayList.forEach(ArrayList.java:1511)
at org.testng.TestRunner.privateRun(TestRunner.java:794)
at org.testng.TestRunner.run(TestRunner.java:596)
at org.testng.SuiteRunner.runTest(SuiteRunner.java:377)
at org.testng.SuiteRunner.runSequentially(SuiteRunner.java:371)
at org.testng.SuiteRunner.privateRun(SuiteRunner.java:332)
at org.testng.SuiteRunner.run(SuiteRunner.java:276)
at org.testng.SuiteRunnerWorker.runSuite(SuiteRunnerWorker.java:53)
at org.testng.SuiteRunnerWorker.run(SuiteRunnerWorker.java:96)
at org.testng.TestNG.runSuitesSequentially(TestNG.java:1212)
at org.testng.TestNG.runSuitesLocally(TestNG.java:1134)
at org.testng.TestNG.runSuites(TestNG.java:1063)
at org.testng.TestNG.run(TestNG.java:1031)
at org.testng.remote.AbstractRemoteTestNG.run(AbstractRemoteTestNG.java:115)
at org.testng.remote.RemoteTestNG.initAndRun(RemoteTestNG.java:251)
at org.testng.remote.RemoteTestNG.main(RemoteTestNG.java:77)
]]>
    </error>
  </testcase> <!-- verifyCardWithInvalidCard_Click_On_Retry_to_Make_successfull_payemnt -->
  <system-out/>
  <testcase classname="testRuns.CardPaymentScreenTest" name="verifyCard_paymentfailed_click_otherpayment_wallet_pay_success" time="77.924"/>
  <system-out/>
  <testcase classname="testRuns.CardPaymentScreenTest" name="verifyCardPaymentRecurringPayment" time="54.705"/>
  <system-out/>
  <testcase classname="testRuns.CardPaymentScreenTest" name="verifyCardPaymentFreeTrial" time="55.276"/>
  <system-out/>
  <testcase classname="testRuns.CardPaymentScreenTest" name="verifyCardPaymentFailureOrderIdRefreshOnClickOfRetry" time="60.034"/>
  <system-out/>
  <testcase classname="testRuns.CardPaymentScreenTest" name="deleteSavedCard">
    <skipped/>
  </testcase> <!-- deleteSavedCard -->
  <system-out/>
</testsuite> <!-- testRuns.CardPaymentScreenTest -->
