<?xml version="1.0" encoding="UTF-8"?>
<!-- Generated by org.testng.reporters.JUnitReportReporter -->
<testsuite hostname="Satikants-MacBook-Air.local" failures="0" tests="3" name="testRunsAndroid.InitialiseSDK" time="18.525" errors="3" timestamp="2023-03-02T16:59:25 IST" skipped="0">
  <testcase classname="testRunsAndroid.InitialiseSDK" name="testApp_EnterFields_InitialiseSDK" time="6.690">
    <error message="An element could not be located on the page using the given search parameters.
For documentation on this error, please visit: http://seleniumhq.org/exceptions/no_such_element.html
Build info: version: &#039;3.4.0&#039;, revision: &#039;unknown&#039;, time: &#039;unknown&#039;
System info: host: &#039;Satikants-MacBook-Air.local&#039;, ip: &#039;fe80:0:0:0:1cad:7361:f6b9:c99d%en0&#039;, os.name: &#039;Mac OS X&#039;, os.arch: &#039;x86_64&#039;, os.version: &#039;13.2.1&#039;, java.version: &#039;18.0.2.1&#039;
Driver info: io.appium.java_client.android.AndroidDriver
Capabilities [{appPackage=com.mahidracomviva.payplus.sdkdemo, statBarHeight=136.0, viewportRect={top=136.0, left=0.0, width=1440.0, height=2764.0}, deviceName=emulator-5554, platform=LINUX, deviceUDID=emulator-5554, desired={appPackage=com.mahidracomviva.payplus.sdkdemo, appActivity=.MainActivity, reportDirectory=reports, unicodeKeyboard=true, resetkeyboard=true, platformName=Android, deviceName=emulator-5554, DeviceIdentifier=emulator-5554}, platformVersion=13, webStorageEnabled=false, takesScreenshot=true, reportDirectory=reports, javascriptEnabled=true, unicodeKeyboard=true, resetkeyboard=true, platformName=Android, deviceApiLevel=33.0, deviceManufacturer=Google, deviceScreenSize=1440x3120, networkConnectionEnabled=true, warnings={}, databaseEnabled=false, DeviceIdentifier=emulator-5554, appActivity=.MainActivity, pixelRatio=3.5, locationContextEnabled=false, deviceScreenDensity=560.0, deviceModel=sdk_gphone64_arm64}]
Session ID: 0df2980d-531e-4563-a7dc-6373959051bd
*** Element info: {Using=xpath, value=//*[contains(@text,&#039;DEFAULT&#039;)]}" type="org.openqa.selenium.NoSuchElementException">
      <![CDATA[org.openqa.selenium.NoSuchElementException: An element could not be located on the page using the given search parameters.
For documentation on this error, please visit: http://seleniumhq.org/exceptions/no_such_element.html
Build info: version: '3.4.0', revision: 'unknown', time: 'unknown'
System info: host: 'Satikants-MacBook-Air.local', ip: 'fe80:0:0:0:1cad:7361:f6b9:c99d%en0', os.name: 'Mac OS X', os.arch: 'x86_64', os.version: '13.2.1', java.version: '18.0.2.1'
Driver info: io.appium.java_client.android.AndroidDriver
Capabilities [{appPackage=com.mahidracomviva.payplus.sdkdemo, statBarHeight=136.0, viewportRect={top=136.0, left=0.0, width=1440.0, height=2764.0}, deviceName=emulator-5554, platform=LINUX, deviceUDID=emulator-5554, desired={appPackage=com.mahidracomviva.payplus.sdkdemo, appActivity=.MainActivity, reportDirectory=reports, unicodeKeyboard=true, resetkeyboard=true, platformName=Android, deviceName=emulator-5554, DeviceIdentifier=emulator-5554}, platformVersion=13, webStorageEnabled=false, takesScreenshot=true, reportDirectory=reports, javascriptEnabled=true, unicodeKeyboard=true, resetkeyboard=true, platformName=Android, deviceApiLevel=33.0, deviceManufacturer=Google, deviceScreenSize=1440x3120, networkConnectionEnabled=true, warnings={}, databaseEnabled=false, DeviceIdentifier=emulator-5554, appActivity=.MainActivity, pixelRatio=3.5, locationContextEnabled=false, deviceScreenDensity=560.0, deviceModel=sdk_gphone64_arm64}]
Session ID: 0df2980d-531e-4563-a7dc-6373959051bd
*** Element info: {Using=xpath, value=//*[contains(@text,'DEFAULT')]}
at java.base/jdk.internal.reflect.DirectConstructorHandleAccessor.newInstance(DirectConstructorHandleAccessor.java:67)
at java.base/java.lang.reflect.Constructor.newInstanceWithCaller(Constructor.java:499)
at java.base/java.lang.reflect.Constructor.newInstance(Constructor.java:483)
at org.openqa.selenium.remote.http.W3CHttpResponseCodec.createException(W3CHttpResponseCodec.java:150)
at org.openqa.selenium.remote.http.W3CHttpResponseCodec.decode(W3CHttpResponseCodec.java:115)
at org.openqa.selenium.remote.http.W3CHttpResponseCodec.decode(W3CHttpResponseCodec.java:45)
at org.openqa.selenium.remote.HttpCommandExecutor.execute(HttpCommandExecutor.java:164)
at io.appium.java_client.remote.AppiumCommandExecutor.execute(AppiumCommandExecutor.java:69)
at org.openqa.selenium.remote.RemoteWebDriver.execute(RemoteWebDriver.java:637)
at io.appium.java_client.DefaultGenericMobileDriver.execute(DefaultGenericMobileDriver.java:40)
at io.appium.java_client.AppiumDriver.execute(AppiumDriver.java:1)
at io.appium.java_client.android.AndroidDriver.execute(AndroidDriver.java:1)
at org.openqa.selenium.remote.RemoteWebDriver.findElement(RemoteWebDriver.java:410)
at io.appium.java_client.DefaultGenericMobileDriver.findElement(DefaultGenericMobileDriver.java:56)
at io.appium.java_client.AppiumDriver.findElement(AppiumDriver.java:1)
at io.appium.java_client.android.AndroidDriver.findElement(AndroidDriver.java:1)
at org.openqa.selenium.remote.RemoteWebDriver.findElementByXPath(RemoteWebDriver.java:509)
at io.appium.java_client.DefaultGenericMobileDriver.findElementByXPath(DefaultGenericMobileDriver.java:134)
at io.appium.java_client.AppiumDriver.findElementByXPath(AppiumDriver.java:1)
at io.appium.java_client.android.AndroidDriver.findElementByXPath(AndroidDriver.java:1)
at pageObjectsAndroid.InitialiseSDKPageObjects.clickButton(InitialiseSDKPageObjects.java:101)
at pageObjectsAndroid.InitialiseSDKPageObjects.sdkinitialization(InitialiseSDKPageObjects.java:402)
at testRunsAndroid.InitialiseSDK.testApp_EnterFields_InitialiseSDK(InitialiseSDK.java:51)
at java.base/jdk.internal.reflect.DirectMethodHandleAccessor.invoke(DirectMethodHandleAccessor.java:104)
at java.base/java.lang.reflect.Method.invoke(Method.java:577)
at org.testng.internal.MethodInvocationHelper.invokeMethod(MethodInvocationHelper.java:133)
at org.testng.internal.TestInvoker.invokeMethod(TestInvoker.java:598)
at org.testng.internal.TestInvoker.invokeTestMethod(TestInvoker.java:173)
at org.testng.internal.MethodRunner.runInSequence(MethodRunner.java:46)
at org.testng.internal.TestInvoker$MethodInvocationAgent.invoke(TestInvoker.java:824)
at org.testng.internal.TestInvoker.invokeTestMethods(TestInvoker.java:146)
at org.testng.internal.TestMethodWorker.invokeTestMethods(TestMethodWorker.java:146)
at org.testng.internal.TestMethodWorker.run(TestMethodWorker.java:128)
at java.base/java.util.ArrayList.forEach(ArrayList.java:1511)
at org.testng.TestRunner.privateRun(TestRunner.java:794)
at org.testng.TestRunner.run(TestRunner.java:596)
at org.testng.SuiteRunner.runTest(SuiteRunner.java:377)
at org.testng.SuiteRunner.runSequentially(SuiteRunner.java:371)
at org.testng.SuiteRunner.privateRun(SuiteRunner.java:332)
at org.testng.SuiteRunner.run(SuiteRunner.java:276)
at org.testng.SuiteRunnerWorker.runSuite(SuiteRunnerWorker.java:53)
at org.testng.SuiteRunnerWorker.run(SuiteRunnerWorker.java:96)
at org.testng.TestNG.runSuitesSequentially(TestNG.java:1212)
at org.testng.TestNG.runSuitesLocally(TestNG.java:1134)
at org.testng.TestNG.runSuites(TestNG.java:1063)
at org.testng.TestNG.run(TestNG.java:1031)
at org.testng.remote.AbstractRemoteTestNG.run(AbstractRemoteTestNG.java:115)
at org.testng.remote.RemoteTestNG.initAndRun(RemoteTestNG.java:251)
at org.testng.remote.RemoteTestNG.main(RemoteTestNG.java:77)
]]>
    </error>
  </testcase> <!-- testApp_EnterFields_InitialiseSDK -->
  <system-out/>
  <testcase classname="testRunsAndroid.InitialiseSDK" name="testApp_EnterFields_InitialiseSDK_RecurringPayment" time="5.981">
    <error message="An element could not be located on the page using the given search parameters.
For documentation on this error, please visit: http://seleniumhq.org/exceptions/no_such_element.html
Build info: version: &#039;3.4.0&#039;, revision: &#039;unknown&#039;, time: &#039;unknown&#039;
System info: host: &#039;Satikants-MacBook-Air.local&#039;, ip: &#039;fe80:0:0:0:1cad:7361:f6b9:c99d%en0&#039;, os.name: &#039;Mac OS X&#039;, os.arch: &#039;x86_64&#039;, os.version: &#039;13.2.1&#039;, java.version: &#039;18.0.2.1&#039;
Driver info: io.appium.java_client.android.AndroidDriver
Capabilities [{appPackage=com.mahidracomviva.payplus.sdkdemo, statBarHeight=136.0, viewportRect={top=136.0, left=0.0, width=1440.0, height=2764.0}, deviceName=emulator-5554, platform=LINUX, deviceUDID=emulator-5554, desired={appPackage=com.mahidracomviva.payplus.sdkdemo, appActivity=.MainActivity, reportDirectory=reports, unicodeKeyboard=true, resetkeyboard=true, platformName=Android, deviceName=emulator-5554, DeviceIdentifier=emulator-5554}, platformVersion=13, webStorageEnabled=false, takesScreenshot=true, reportDirectory=reports, javascriptEnabled=true, unicodeKeyboard=true, resetkeyboard=true, platformName=Android, deviceApiLevel=33.0, deviceManufacturer=Google, deviceScreenSize=1440x3120, networkConnectionEnabled=true, warnings={}, databaseEnabled=false, DeviceIdentifier=emulator-5554, appActivity=.MainActivity, pixelRatio=3.5, locationContextEnabled=false, deviceScreenDensity=560.0, deviceModel=sdk_gphone64_arm64}]
Session ID: 03f78090-f292-4d72-9d94-8faf277ee6ed
*** Element info: {Using=xpath, value=//*[contains(@text,&#039;DEFAULT&#039;)]}" type="org.openqa.selenium.NoSuchElementException">
      <![CDATA[org.openqa.selenium.NoSuchElementException: An element could not be located on the page using the given search parameters.
For documentation on this error, please visit: http://seleniumhq.org/exceptions/no_such_element.html
Build info: version: '3.4.0', revision: 'unknown', time: 'unknown'
System info: host: 'Satikants-MacBook-Air.local', ip: 'fe80:0:0:0:1cad:7361:f6b9:c99d%en0', os.name: 'Mac OS X', os.arch: 'x86_64', os.version: '13.2.1', java.version: '18.0.2.1'
Driver info: io.appium.java_client.android.AndroidDriver
Capabilities [{appPackage=com.mahidracomviva.payplus.sdkdemo, statBarHeight=136.0, viewportRect={top=136.0, left=0.0, width=1440.0, height=2764.0}, deviceName=emulator-5554, platform=LINUX, deviceUDID=emulator-5554, desired={appPackage=com.mahidracomviva.payplus.sdkdemo, appActivity=.MainActivity, reportDirectory=reports, unicodeKeyboard=true, resetkeyboard=true, platformName=Android, deviceName=emulator-5554, DeviceIdentifier=emulator-5554}, platformVersion=13, webStorageEnabled=false, takesScreenshot=true, reportDirectory=reports, javascriptEnabled=true, unicodeKeyboard=true, resetkeyboard=true, platformName=Android, deviceApiLevel=33.0, deviceManufacturer=Google, deviceScreenSize=1440x3120, networkConnectionEnabled=true, warnings={}, databaseEnabled=false, DeviceIdentifier=emulator-5554, appActivity=.MainActivity, pixelRatio=3.5, locationContextEnabled=false, deviceScreenDensity=560.0, deviceModel=sdk_gphone64_arm64}]
Session ID: 03f78090-f292-4d72-9d94-8faf277ee6ed
*** Element info: {Using=xpath, value=//*[contains(@text,'DEFAULT')]}
at java.base/jdk.internal.reflect.DirectConstructorHandleAccessor.newInstance(DirectConstructorHandleAccessor.java:67)
at java.base/java.lang.reflect.Constructor.newInstanceWithCaller(Constructor.java:499)
at java.base/java.lang.reflect.Constructor.newInstance(Constructor.java:483)
at org.openqa.selenium.remote.http.W3CHttpResponseCodec.createException(W3CHttpResponseCodec.java:150)
at org.openqa.selenium.remote.http.W3CHttpResponseCodec.decode(W3CHttpResponseCodec.java:115)
at org.openqa.selenium.remote.http.W3CHttpResponseCodec.decode(W3CHttpResponseCodec.java:45)
at org.openqa.selenium.remote.HttpCommandExecutor.execute(HttpCommandExecutor.java:164)
at io.appium.java_client.remote.AppiumCommandExecutor.execute(AppiumCommandExecutor.java:69)
at org.openqa.selenium.remote.RemoteWebDriver.execute(RemoteWebDriver.java:637)
at io.appium.java_client.DefaultGenericMobileDriver.execute(DefaultGenericMobileDriver.java:40)
at io.appium.java_client.AppiumDriver.execute(AppiumDriver.java:1)
at io.appium.java_client.android.AndroidDriver.execute(AndroidDriver.java:1)
at org.openqa.selenium.remote.RemoteWebDriver.findElement(RemoteWebDriver.java:410)
at io.appium.java_client.DefaultGenericMobileDriver.findElement(DefaultGenericMobileDriver.java:56)
at io.appium.java_client.AppiumDriver.findElement(AppiumDriver.java:1)
at io.appium.java_client.android.AndroidDriver.findElement(AndroidDriver.java:1)
at org.openqa.selenium.remote.RemoteWebDriver.findElementByXPath(RemoteWebDriver.java:509)
at io.appium.java_client.DefaultGenericMobileDriver.findElementByXPath(DefaultGenericMobileDriver.java:134)
at io.appium.java_client.AppiumDriver.findElementByXPath(AppiumDriver.java:1)
at io.appium.java_client.android.AndroidDriver.findElementByXPath(AndroidDriver.java:1)
at pageObjectsAndroid.InitialiseSDKPageObjects.clickButton(InitialiseSDKPageObjects.java:101)
at pageObjectsAndroid.InitialiseSDKPageObjects.initialiseRecurring(InitialiseSDKPageObjects.java:434)
at testRunsAndroid.InitialiseSDK.testApp_EnterFields_InitialiseSDK_RecurringPayment(InitialiseSDK.java:100)
at java.base/jdk.internal.reflect.DirectMethodHandleAccessor.invoke(DirectMethodHandleAccessor.java:104)
at java.base/java.lang.reflect.Method.invoke(Method.java:577)
at org.testng.internal.MethodInvocationHelper.invokeMethod(MethodInvocationHelper.java:133)
at org.testng.internal.TestInvoker.invokeMethod(TestInvoker.java:598)
at org.testng.internal.TestInvoker.invokeTestMethod(TestInvoker.java:173)
at org.testng.internal.MethodRunner.runInSequence(MethodRunner.java:46)
at org.testng.internal.TestInvoker$MethodInvocationAgent.invoke(TestInvoker.java:824)
at org.testng.internal.TestInvoker.invokeTestMethods(TestInvoker.java:146)
at org.testng.internal.TestMethodWorker.invokeTestMethods(TestMethodWorker.java:146)
at org.testng.internal.TestMethodWorker.run(TestMethodWorker.java:128)
at java.base/java.util.ArrayList.forEach(ArrayList.java:1511)
at org.testng.TestRunner.privateRun(TestRunner.java:794)
at org.testng.TestRunner.run(TestRunner.java:596)
at org.testng.SuiteRunner.runTest(SuiteRunner.java:377)
at org.testng.SuiteRunner.runSequentially(SuiteRunner.java:371)
at org.testng.SuiteRunner.privateRun(SuiteRunner.java:332)
at org.testng.SuiteRunner.run(SuiteRunner.java:276)
at org.testng.SuiteRunnerWorker.runSuite(SuiteRunnerWorker.java:53)
at org.testng.SuiteRunnerWorker.run(SuiteRunnerWorker.java:96)
at org.testng.TestNG.runSuitesSequentially(TestNG.java:1212)
at org.testng.TestNG.runSuitesLocally(TestNG.java:1134)
at org.testng.TestNG.runSuites(TestNG.java:1063)
at org.testng.TestNG.run(TestNG.java:1031)
at org.testng.remote.AbstractRemoteTestNG.run(AbstractRemoteTestNG.java:115)
at org.testng.remote.RemoteTestNG.initAndRun(RemoteTestNG.java:251)
at org.testng.remote.RemoteTestNG.main(RemoteTestNG.java:77)
]]>
    </error>
  </testcase> <!-- testApp_EnterFields_InitialiseSDK_RecurringPayment -->
  <system-out/>
  <testcase classname="testRunsAndroid.InitialiseSDK" name="testApp_EnterFields_InitialiseSDK_FreeTrial" time="5.854">
    <error message="An element could not be located on the page using the given search parameters.
For documentation on this error, please visit: http://seleniumhq.org/exceptions/no_such_element.html
Build info: version: &#039;3.4.0&#039;, revision: &#039;unknown&#039;, time: &#039;unknown&#039;
System info: host: &#039;Satikants-MacBook-Air.local&#039;, ip: &#039;fe80:0:0:0:1cad:7361:f6b9:c99d%en0&#039;, os.name: &#039;Mac OS X&#039;, os.arch: &#039;x86_64&#039;, os.version: &#039;13.2.1&#039;, java.version: &#039;18.0.2.1&#039;
Driver info: io.appium.java_client.android.AndroidDriver
Capabilities [{appPackage=com.mahidracomviva.payplus.sdkdemo, statBarHeight=136.0, viewportRect={top=136.0, left=0.0, width=1440.0, height=2764.0}, deviceName=emulator-5554, platform=LINUX, deviceUDID=emulator-5554, desired={appPackage=com.mahidracomviva.payplus.sdkdemo, appActivity=.MainActivity, reportDirectory=reports, unicodeKeyboard=true, resetkeyboard=true, platformName=Android, deviceName=emulator-5554, DeviceIdentifier=emulator-5554}, platformVersion=13, webStorageEnabled=false, takesScreenshot=true, reportDirectory=reports, javascriptEnabled=true, unicodeKeyboard=true, resetkeyboard=true, platformName=Android, deviceApiLevel=33.0, deviceManufacturer=Google, deviceScreenSize=1440x3120, networkConnectionEnabled=true, warnings={}, databaseEnabled=false, DeviceIdentifier=emulator-5554, appActivity=.MainActivity, pixelRatio=3.5, locationContextEnabled=false, deviceScreenDensity=560.0, deviceModel=sdk_gphone64_arm64}]
Session ID: d37cb05f-b30f-48d5-aecd-36451b24cf23
*** Element info: {Using=xpath, value=//*[contains(@text,&#039;DEFAULT&#039;)]}" type="org.openqa.selenium.NoSuchElementException">
      <![CDATA[org.openqa.selenium.NoSuchElementException: An element could not be located on the page using the given search parameters.
For documentation on this error, please visit: http://seleniumhq.org/exceptions/no_such_element.html
Build info: version: '3.4.0', revision: 'unknown', time: 'unknown'
System info: host: 'Satikants-MacBook-Air.local', ip: 'fe80:0:0:0:1cad:7361:f6b9:c99d%en0', os.name: 'Mac OS X', os.arch: 'x86_64', os.version: '13.2.1', java.version: '18.0.2.1'
Driver info: io.appium.java_client.android.AndroidDriver
Capabilities [{appPackage=com.mahidracomviva.payplus.sdkdemo, statBarHeight=136.0, viewportRect={top=136.0, left=0.0, width=1440.0, height=2764.0}, deviceName=emulator-5554, platform=LINUX, deviceUDID=emulator-5554, desired={appPackage=com.mahidracomviva.payplus.sdkdemo, appActivity=.MainActivity, reportDirectory=reports, unicodeKeyboard=true, resetkeyboard=true, platformName=Android, deviceName=emulator-5554, DeviceIdentifier=emulator-5554}, platformVersion=13, webStorageEnabled=false, takesScreenshot=true, reportDirectory=reports, javascriptEnabled=true, unicodeKeyboard=true, resetkeyboard=true, platformName=Android, deviceApiLevel=33.0, deviceManufacturer=Google, deviceScreenSize=1440x3120, networkConnectionEnabled=true, warnings={}, databaseEnabled=false, DeviceIdentifier=emulator-5554, appActivity=.MainActivity, pixelRatio=3.5, locationContextEnabled=false, deviceScreenDensity=560.0, deviceModel=sdk_gphone64_arm64}]
Session ID: d37cb05f-b30f-48d5-aecd-36451b24cf23
*** Element info: {Using=xpath, value=//*[contains(@text,'DEFAULT')]}
at java.base/jdk.internal.reflect.DirectConstructorHandleAccessor.newInstance(DirectConstructorHandleAccessor.java:67)
at java.base/java.lang.reflect.Constructor.newInstanceWithCaller(Constructor.java:499)
at java.base/java.lang.reflect.Constructor.newInstance(Constructor.java:483)
at org.openqa.selenium.remote.http.W3CHttpResponseCodec.createException(W3CHttpResponseCodec.java:150)
at org.openqa.selenium.remote.http.W3CHttpResponseCodec.decode(W3CHttpResponseCodec.java:115)
at org.openqa.selenium.remote.http.W3CHttpResponseCodec.decode(W3CHttpResponseCodec.java:45)
at org.openqa.selenium.remote.HttpCommandExecutor.execute(HttpCommandExecutor.java:164)
at io.appium.java_client.remote.AppiumCommandExecutor.execute(AppiumCommandExecutor.java:69)
at org.openqa.selenium.remote.RemoteWebDriver.execute(RemoteWebDriver.java:637)
at io.appium.java_client.DefaultGenericMobileDriver.execute(DefaultGenericMobileDriver.java:40)
at io.appium.java_client.AppiumDriver.execute(AppiumDriver.java:1)
at io.appium.java_client.android.AndroidDriver.execute(AndroidDriver.java:1)
at org.openqa.selenium.remote.RemoteWebDriver.findElement(RemoteWebDriver.java:410)
at io.appium.java_client.DefaultGenericMobileDriver.findElement(DefaultGenericMobileDriver.java:56)
at io.appium.java_client.AppiumDriver.findElement(AppiumDriver.java:1)
at io.appium.java_client.android.AndroidDriver.findElement(AndroidDriver.java:1)
at org.openqa.selenium.remote.RemoteWebDriver.findElementByXPath(RemoteWebDriver.java:509)
at io.appium.java_client.DefaultGenericMobileDriver.findElementByXPath(DefaultGenericMobileDriver.java:134)
at io.appium.java_client.AppiumDriver.findElementByXPath(AppiumDriver.java:1)
at io.appium.java_client.android.AndroidDriver.findElementByXPath(AndroidDriver.java:1)
at pageObjectsAndroid.InitialiseSDKPageObjects.clickButton(InitialiseSDKPageObjects.java:101)
at pageObjectsAndroid.InitialiseSDKPageObjects.initialiseFreeTrial(InitialiseSDKPageObjects.java:417)
at testRunsAndroid.InitialiseSDK.testApp_EnterFields_InitialiseSDK_FreeTrial(InitialiseSDK.java:75)
at java.base/jdk.internal.reflect.DirectMethodHandleAccessor.invoke(DirectMethodHandleAccessor.java:104)
at java.base/java.lang.reflect.Method.invoke(Method.java:577)
at org.testng.internal.MethodInvocationHelper.invokeMethod(MethodInvocationHelper.java:133)
at org.testng.internal.TestInvoker.invokeMethod(TestInvoker.java:598)
at org.testng.internal.TestInvoker.invokeTestMethod(TestInvoker.java:173)
at org.testng.internal.MethodRunner.runInSequence(MethodRunner.java:46)
at org.testng.internal.TestInvoker$MethodInvocationAgent.invoke(TestInvoker.java:824)
at org.testng.internal.TestInvoker.invokeTestMethods(TestInvoker.java:146)
at org.testng.internal.TestMethodWorker.invokeTestMethods(TestMethodWorker.java:146)
at org.testng.internal.TestMethodWorker.run(TestMethodWorker.java:128)
at java.base/java.util.ArrayList.forEach(ArrayList.java:1511)
at org.testng.TestRunner.privateRun(TestRunner.java:794)
at org.testng.TestRunner.run(TestRunner.java:596)
at org.testng.SuiteRunner.runTest(SuiteRunner.java:377)
at org.testng.SuiteRunner.runSequentially(SuiteRunner.java:371)
at org.testng.SuiteRunner.privateRun(SuiteRunner.java:332)
at org.testng.SuiteRunner.run(SuiteRunner.java:276)
at org.testng.SuiteRunnerWorker.runSuite(SuiteRunnerWorker.java:53)
at org.testng.SuiteRunnerWorker.run(SuiteRunnerWorker.java:96)
at org.testng.TestNG.runSuitesSequentially(TestNG.java:1212)
at org.testng.TestNG.runSuitesLocally(TestNG.java:1134)
at org.testng.TestNG.runSuites(TestNG.java:1063)
at org.testng.TestNG.run(TestNG.java:1031)
at org.testng.remote.AbstractRemoteTestNG.run(AbstractRemoteTestNG.java:115)
at org.testng.remote.RemoteTestNG.initAndRun(RemoteTestNG.java:251)
at org.testng.remote.RemoteTestNG.main(RemoteTestNG.java:77)
]]>
    </error>
  </testcase> <!-- testApp_EnterFields_InitialiseSDK_FreeTrial -->
  <system-out/>
</testsuite> <!-- testRunsAndroid.InitialiseSDK -->
