<?xml version="1.0" encoding="UTF-8"?>
<!-- Generated by org.testng.reporters.JUnitReportReporter -->
<testsuite hostname="MCBL-8856" failures="0" tests="10" name="testRuns.InitiateAndConfirmWalletTest" time="288.852" errors="2" timestamp="2022-12-26T14:16:43 IST" skipped="2">
  <testcase classname="testRuns.InitiateAndConfirmWalletTest" name="verifyMobileNumber" time="21.850">
    <error message="An element could not be located on the page using the given search parameters.
For documentation on this error, please visit: http://seleniumhq.org/exceptions/no_such_element.html
Build info: version: &#039;3.4.0&#039;, revision: &#039;unknown&#039;, time: &#039;unknown&#039;
System info: host: &#039;MCBL-8856&#039;, ip: &#039;172.20.7.50&#039;, os.name: &#039;Windows 10&#039;, os.arch: &#039;amd64&#039;, os.version: &#039;10.0&#039;, java.version: &#039;18.0.2&#039;
Driver info: io.appium.java_client.android.AndroidDriver
Capabilities [{appPackage=com.mahidracomviva.payplus.sdkdemo, statBarHeight=88.0, viewportRect={top=88.0, left=0.0, width=1080.0, height=2080.0}, deviceName=RZCT80GY6XM, platform=LINUX, deviceUDID=RZCT80GY6XM, desired={appPackage=com.mahidracomviva.payplus.sdkdemo, appActivity=.MainActivity, reportDirectory=reports, unicodeKeyboard=true, resetkeyboard=true, platformName=Android, udid=RZCT80GY6XM, deviceName=samsung SM-G781B}, platformVersion=12, webStorageEnabled=false, takesScreenshot=true, reportDirectory=reports, javascriptEnabled=true, unicodeKeyboard=true, resetkeyboard=true, platformName=Android, udid=RZCT80GY6XM, deviceApiLevel=31.0, deviceManufacturer=samsung, deviceScreenSize=1080x2400, networkConnectionEnabled=true, warnings={}, databaseEnabled=false, appActivity=.MainActivity, pixelRatio=3.0, locationContextEnabled=false, deviceScreenDensity=480.0, deviceModel=SM-G781B}]
Session ID: d0a93f0d-b4fb-41b8-8ca2-c96973c043f4
*** Element info: {Using=xpath, value=//*[contains(@text,&#039;PAY&#039;)]}" type="org.openqa.selenium.NoSuchElementException">
      <![CDATA[org.openqa.selenium.NoSuchElementException: An element could not be located on the page using the given search parameters.
For documentation on this error, please visit: http://seleniumhq.org/exceptions/no_such_element.html
Build info: version: '3.4.0', revision: 'unknown', time: 'unknown'
System info: host: 'MCBL-8856', ip: '172.20.7.50', os.name: 'Windows 10', os.arch: 'amd64', os.version: '10.0', java.version: '18.0.2'
Driver info: io.appium.java_client.android.AndroidDriver
Capabilities [{appPackage=com.mahidracomviva.payplus.sdkdemo, statBarHeight=88.0, viewportRect={top=88.0, left=0.0, width=1080.0, height=2080.0}, deviceName=RZCT80GY6XM, platform=LINUX, deviceUDID=RZCT80GY6XM, desired={appPackage=com.mahidracomviva.payplus.sdkdemo, appActivity=.MainActivity, reportDirectory=reports, unicodeKeyboard=true, resetkeyboard=true, platformName=Android, udid=RZCT80GY6XM, deviceName=samsung SM-G781B}, platformVersion=12, webStorageEnabled=false, takesScreenshot=true, reportDirectory=reports, javascriptEnabled=true, unicodeKeyboard=true, resetkeyboard=true, platformName=Android, udid=RZCT80GY6XM, deviceApiLevel=31.0, deviceManufacturer=samsung, deviceScreenSize=1080x2400, networkConnectionEnabled=true, warnings={}, databaseEnabled=false, appActivity=.MainActivity, pixelRatio=3.0, locationContextEnabled=false, deviceScreenDensity=480.0, deviceModel=SM-G781B}]
Session ID: d0a93f0d-b4fb-41b8-8ca2-c96973c043f4
*** Element info: {Using=xpath, value=//*[contains(@text,'PAY')]}
at java.base/jdk.internal.reflect.DirectConstructorHandleAccessor.newInstance(DirectConstructorHandleAccessor.java:67)
at java.base/java.lang.reflect.Constructor.newInstanceWithCaller(Constructor.java:499)
at java.base/java.lang.reflect.Constructor.newInstance(Constructor.java:483)
at org.openqa.selenium.remote.http.W3CHttpResponseCodec.createException(W3CHttpResponseCodec.java:150)
at org.openqa.selenium.remote.http.W3CHttpResponseCodec.decode(W3CHttpResponseCodec.java:115)
at org.openqa.selenium.remote.http.W3CHttpResponseCodec.decode(W3CHttpResponseCodec.java:45)
at org.openqa.selenium.remote.HttpCommandExecutor.execute(HttpCommandExecutor.java:164)
at io.appium.java_client.remote.AppiumCommandExecutor.execute(AppiumCommandExecutor.java:69)
at org.openqa.selenium.remote.RemoteWebDriver.execute(RemoteWebDriver.java:637)
at io.appium.java_client.DefaultGenericMobileDriver.execute(DefaultGenericMobileDriver.java:40)
at io.appium.java_client.AppiumDriver.execute(AppiumDriver.java:1)
at io.appium.java_client.android.AndroidDriver.execute(AndroidDriver.java:1)
at org.openqa.selenium.remote.RemoteWebDriver.findElement(RemoteWebDriver.java:410)
at io.appium.java_client.DefaultGenericMobileDriver.findElement(DefaultGenericMobileDriver.java:56)
at io.appium.java_client.AppiumDriver.findElement(AppiumDriver.java:1)
at io.appium.java_client.android.AndroidDriver.findElement(AndroidDriver.java:1)
at org.openqa.selenium.remote.RemoteWebDriver.findElementByXPath(RemoteWebDriver.java:509)
at io.appium.java_client.DefaultGenericMobileDriver.findElementByXPath(DefaultGenericMobileDriver.java:134)
at io.appium.java_client.AppiumDriver.findElementByXPath(AppiumDriver.java:1)
at io.appium.java_client.android.AndroidDriver.findElementByXPath(AndroidDriver.java:1)
at pageObjects.InitialiseSDKPageObjects.clickButton(InitialiseSDKPageObjects.java:99)
at pageObjects.InitialiseSDKPageObjects.homeInitaiteAndconfirmwallet(InitialiseSDKPageObjects.java:466)
at testRuns.InitiateAndConfirmWalletTest.verifyMobileNumber(InitiateAndConfirmWalletTest.java:49)
at java.base/jdk.internal.reflect.DirectMethodHandleAccessor.invoke(DirectMethodHandleAccessor.java:104)
at java.base/java.lang.reflect.Method.invoke(Method.java:577)
at org.testng.internal.MethodInvocationHelper.invokeMethod(MethodInvocationHelper.java:133)
at org.testng.internal.TestInvoker.invokeMethod(TestInvoker.java:598)
at org.testng.internal.TestInvoker.invokeTestMethod(TestInvoker.java:173)
at org.testng.internal.MethodRunner.runInSequence(MethodRunner.java:46)
at org.testng.internal.TestInvoker$MethodInvocationAgent.invoke(TestInvoker.java:824)
at org.testng.internal.TestInvoker.invokeTestMethods(TestInvoker.java:146)
at org.testng.internal.TestMethodWorker.invokeTestMethods(TestMethodWorker.java:146)
at org.testng.internal.TestMethodWorker.run(TestMethodWorker.java:128)
at java.base/java.util.ArrayList.forEach(ArrayList.java:1511)
at org.testng.TestRunner.privateRun(TestRunner.java:794)
at org.testng.TestRunner.run(TestRunner.java:596)
at org.testng.SuiteRunner.runTest(SuiteRunner.java:377)
at org.testng.SuiteRunner.runSequentially(SuiteRunner.java:371)
at org.testng.SuiteRunner.privateRun(SuiteRunner.java:332)
at org.testng.SuiteRunner.run(SuiteRunner.java:276)
at org.testng.SuiteRunnerWorker.runSuite(SuiteRunnerWorker.java:53)
at org.testng.SuiteRunnerWorker.run(SuiteRunnerWorker.java:96)
at org.testng.TestNG.runSuitesSequentially(TestNG.java:1212)
at org.testng.TestNG.runSuitesLocally(TestNG.java:1134)
at org.testng.TestNG.runSuites(TestNG.java:1063)
at org.testng.TestNG.run(TestNG.java:1031)
at org.testng.remote.AbstractRemoteTestNG.run(AbstractRemoteTestNG.java:115)
at org.testng.remote.RemoteTestNG.initAndRun(RemoteTestNG.java:251)
at org.testng.remote.RemoteTestNG.main(RemoteTestNG.java:77)
]]>
    </error>
  </testcase> <!-- verifyMobileNumber -->
  <system-out/>
  <testcase classname="testRuns.InitiateAndConfirmWalletTest" name="verifyInvalidMobileNumberError" time="38.983">
    <error message="An element could not be located on the page using the given search parameters.
For documentation on this error, please visit: http://seleniumhq.org/exceptions/no_such_element.html
Build info: version: &#039;3.4.0&#039;, revision: &#039;unknown&#039;, time: &#039;unknown&#039;
System info: host: &#039;MCBL-8856&#039;, ip: &#039;172.20.7.50&#039;, os.name: &#039;Windows 10&#039;, os.arch: &#039;amd64&#039;, os.version: &#039;10.0&#039;, java.version: &#039;18.0.2&#039;
Driver info: io.appium.java_client.android.AndroidDriver
Capabilities [{appPackage=com.mahidracomviva.payplus.sdkdemo, statBarHeight=88.0, viewportRect={top=88.0, left=0.0, width=1080.0, height=2080.0}, deviceName=RZCT80GY6XM, platform=LINUX, deviceUDID=RZCT80GY6XM, desired={appPackage=com.mahidracomviva.payplus.sdkdemo, appActivity=.MainActivity, reportDirectory=reports, unicodeKeyboard=true, resetkeyboard=true, platformName=Android, udid=RZCT80GY6XM, deviceName=samsung SM-G781B}, platformVersion=12, webStorageEnabled=false, takesScreenshot=true, reportDirectory=reports, javascriptEnabled=true, unicodeKeyboard=true, resetkeyboard=true, platformName=Android, udid=RZCT80GY6XM, deviceApiLevel=31.0, deviceManufacturer=samsung, deviceScreenSize=1080x2400, networkConnectionEnabled=true, warnings={}, databaseEnabled=false, appActivity=.MainActivity, pixelRatio=3.0, locationContextEnabled=false, deviceScreenDensity=480.0, deviceModel=SM-G781B}]
Session ID: f1c6b955-e565-4ad1-8ade-249620a64593
*** Element info: {Using=xpath, value=//*[@class=&#039;android.widget.EditText&#039; or @id=&#039;mobileTextField&#039;]}" type="org.openqa.selenium.NoSuchElementException">
      <![CDATA[org.openqa.selenium.NoSuchElementException: An element could not be located on the page using the given search parameters.
For documentation on this error, please visit: http://seleniumhq.org/exceptions/no_such_element.html
Build info: version: '3.4.0', revision: 'unknown', time: 'unknown'
System info: host: 'MCBL-8856', ip: '172.20.7.50', os.name: 'Windows 10', os.arch: 'amd64', os.version: '10.0', java.version: '18.0.2'
Driver info: io.appium.java_client.android.AndroidDriver
Capabilities [{appPackage=com.mahidracomviva.payplus.sdkdemo, statBarHeight=88.0, viewportRect={top=88.0, left=0.0, width=1080.0, height=2080.0}, deviceName=RZCT80GY6XM, platform=LINUX, deviceUDID=RZCT80GY6XM, desired={appPackage=com.mahidracomviva.payplus.sdkdemo, appActivity=.MainActivity, reportDirectory=reports, unicodeKeyboard=true, resetkeyboard=true, platformName=Android, udid=RZCT80GY6XM, deviceName=samsung SM-G781B}, platformVersion=12, webStorageEnabled=false, takesScreenshot=true, reportDirectory=reports, javascriptEnabled=true, unicodeKeyboard=true, resetkeyboard=true, platformName=Android, udid=RZCT80GY6XM, deviceApiLevel=31.0, deviceManufacturer=samsung, deviceScreenSize=1080x2400, networkConnectionEnabled=true, warnings={}, databaseEnabled=false, appActivity=.MainActivity, pixelRatio=3.0, locationContextEnabled=false, deviceScreenDensity=480.0, deviceModel=SM-G781B}]
Session ID: f1c6b955-e565-4ad1-8ade-249620a64593
*** Element info: {Using=xpath, value=//*[@class='android.widget.EditText' or @id='mobileTextField']}
at java.base/jdk.internal.reflect.DirectConstructorHandleAccessor.newInstance(DirectConstructorHandleAccessor.java:67)
at java.base/java.lang.reflect.Constructor.newInstanceWithCaller(Constructor.java:499)
at java.base/java.lang.reflect.Constructor.newInstance(Constructor.java:483)
at org.openqa.selenium.remote.http.W3CHttpResponseCodec.createException(W3CHttpResponseCodec.java:150)
at org.openqa.selenium.remote.http.W3CHttpResponseCodec.decode(W3CHttpResponseCodec.java:115)
at org.openqa.selenium.remote.http.W3CHttpResponseCodec.decode(W3CHttpResponseCodec.java:45)
at org.openqa.selenium.remote.HttpCommandExecutor.execute(HttpCommandExecutor.java:164)
at io.appium.java_client.remote.AppiumCommandExecutor.execute(AppiumCommandExecutor.java:69)
at org.openqa.selenium.remote.RemoteWebDriver.execute(RemoteWebDriver.java:637)
at io.appium.java_client.DefaultGenericMobileDriver.execute(DefaultGenericMobileDriver.java:40)
at io.appium.java_client.AppiumDriver.execute(AppiumDriver.java:1)
at io.appium.java_client.android.AndroidDriver.execute(AndroidDriver.java:1)
at org.openqa.selenium.remote.RemoteWebDriver.findElement(RemoteWebDriver.java:410)
at io.appium.java_client.DefaultGenericMobileDriver.findElement(DefaultGenericMobileDriver.java:56)
at io.appium.java_client.AppiumDriver.findElement(AppiumDriver.java:1)
at io.appium.java_client.android.AndroidDriver.findElement(AndroidDriver.java:1)
at org.openqa.selenium.remote.RemoteWebDriver.findElementByXPath(RemoteWebDriver.java:509)
at io.appium.java_client.DefaultGenericMobileDriver.findElementByXPath(DefaultGenericMobileDriver.java:134)
at io.appium.java_client.AppiumDriver.findElementByXPath(AppiumDriver.java:1)
at io.appium.java_client.android.AndroidDriver.findElementByXPath(AndroidDriver.java:1)
at pageObjects.InitiateAndConfirmWalletPageObjects.invalidMobileNumber(InitiateAndConfirmWalletPageObjects.java:170)
at testRuns.InitiateAndConfirmWalletTest.verifyInvalidMobileNumberError(InitiateAndConfirmWalletTest.java:81)
at java.base/jdk.internal.reflect.DirectMethodHandleAccessor.invoke(DirectMethodHandleAccessor.java:104)
at java.base/java.lang.reflect.Method.invoke(Method.java:577)
at org.testng.internal.MethodInvocationHelper.invokeMethod(MethodInvocationHelper.java:133)
at org.testng.internal.TestInvoker.invokeMethod(TestInvoker.java:598)
at org.testng.internal.TestInvoker.invokeTestMethod(TestInvoker.java:173)
at org.testng.internal.MethodRunner.runInSequence(MethodRunner.java:46)
at org.testng.internal.TestInvoker$MethodInvocationAgent.invoke(TestInvoker.java:824)
at org.testng.internal.TestInvoker.invokeTestMethods(TestInvoker.java:146)
at org.testng.internal.TestMethodWorker.invokeTestMethods(TestMethodWorker.java:146)
at org.testng.internal.TestMethodWorker.run(TestMethodWorker.java:128)
at java.base/java.util.ArrayList.forEach(ArrayList.java:1511)
at org.testng.TestRunner.privateRun(TestRunner.java:794)
at org.testng.TestRunner.run(TestRunner.java:596)
at org.testng.SuiteRunner.runTest(SuiteRunner.java:377)
at org.testng.SuiteRunner.runSequentially(SuiteRunner.java:371)
at org.testng.SuiteRunner.privateRun(SuiteRunner.java:332)
at org.testng.SuiteRunner.run(SuiteRunner.java:276)
at org.testng.SuiteRunnerWorker.runSuite(SuiteRunnerWorker.java:53)
at org.testng.SuiteRunnerWorker.run(SuiteRunnerWorker.java:96)
at org.testng.TestNG.runSuitesSequentially(TestNG.java:1212)
at org.testng.TestNG.runSuitesLocally(TestNG.java:1134)
at org.testng.TestNG.runSuites(TestNG.java:1063)
at org.testng.TestNG.run(TestNG.java:1031)
at org.testng.remote.AbstractRemoteTestNG.run(AbstractRemoteTestNG.java:115)
at org.testng.remote.RemoteTestNG.initAndRun(RemoteTestNG.java:251)
at org.testng.remote.RemoteTestNG.main(RemoteTestNG.java:77)
]]>
    </error>
  </testcase> <!-- verifyInvalidMobileNumberError -->
  <system-out/>
  <testcase classname="testRuns.InitiateAndConfirmWalletTest" name="verifyInitiateWalletBackButton" time="36.686"/>
  <system-out/>
  <testcase classname="testRuns.InitiateAndConfirmWalletTest" name="verifyConfirmWalletScreenElements_ReferenceBased" time="36.293"/>
  <system-out/>
  <testcase classname="testRuns.InitiateAndConfirmWalletTest" name="verifyReferenceId" time="37.761"/>
  <system-out/>
  <testcase classname="testRuns.InitiateAndConfirmWalletTest" name="verifySuccessfulReferenceBasedWalletPayment" time="39.715"/>
  <system-out/>
  <testcase classname="testRuns.InitiateAndConfirmWalletTest" name="verifyConfirmWalletScreenElements_PushBased" time="38.083"/>
  <system-out/>
  <testcase classname="testRuns.InitiateAndConfirmWalletTest" name="verifySuccessfulPushBasedWalletPayment" time="39.481"/>
  <system-out/>
  <testcase classname="testRuns.InitiateAndConfirmWalletTest" name="verifyDefaultCountryCode">
    <skipped/>
  </testcase> <!-- verifyDefaultCountryCode -->
  <system-out/>
  <testcase classname="testRuns.InitiateAndConfirmWalletTest" name="verifySuccessfulRecurringPayment_Wallet">
    <skipped/>
  </testcase> <!-- verifySuccessfulRecurringPayment_Wallet -->
  <system-out/>
</testsuite> <!-- testRuns.InitiateAndConfirmWalletTest -->
