<?xml version="1.0" encoding="UTF-8"?>
<!-- Generated by org.testng.reporters.JUnitReportReporter -->
<testsuite hostname="MCBL-8856" failures="0" tests="7" name="testRuns.CardSaveScreenTest" time="96.518" errors="1" timestamp="2023-01-06T17:54:02 IST" skipped="6">
  <testcase classname="testRuns.CardSaveScreenTest" name="verifySuccessfulCardPaymentMastercard" time="96.518">
    <error message="An element could not be located on the page using the given search parameters.
For documentation on this error, please visit: http://seleniumhq.org/exceptions/no_such_element.html
Build info: version: &#039;3.4.0&#039;, revision: &#039;unknown&#039;, time: &#039;unknown&#039;
System info: host: &#039;MCBL-8856&#039;, ip: &#039;172.20.1.111&#039;, os.name: &#039;Windows 10&#039;, os.arch: &#039;amd64&#039;, os.version: &#039;10.0&#039;, java.version: &#039;18.0.2&#039;
Driver info: io.appium.java_client.android.AndroidDriver
Capabilities [{appPackage=com.mahidracomviva.payplus.sdkdemo, statBarHeight=88.0, viewportRect={top=88.0, left=0.0, width=1080.0, height=2080.0}, deviceName=RZCT80GY6XM, platform=LINUX, deviceUDID=RZCT80GY6XM, desired={appPackage=com.mahidracomviva.payplus.sdkdemo, appActivity=.MainActivity, reportDirectory=reports, unicodeKeyboard=true, resetkeyboard=true, platformName=Android, udid=RZCT80GY6XM, deviceName=samsung SM-G781B}, platformVersion=13, webStorageEnabled=false, takesScreenshot=true, reportDirectory=reports, javascriptEnabled=true, unicodeKeyboard=true, resetkeyboard=true, platformName=Android, udid=RZCT80GY6XM, deviceApiLevel=33.0, deviceManufacturer=samsung, deviceScreenSize=1080x2400, networkConnectionEnabled=true, warnings={}, databaseEnabled=false, appActivity=.MainActivity, pixelRatio=3.0, locationContextEnabled=false, deviceScreenDensity=480.0, deviceModel=SM-G781B}]
Session ID: bc273a2d-7734-4728-872e-8fda27a74dab
*** Element info: {Using=xpath, value=//*[@text=&#039;OK&#039; or @text=&#039;Ok&#039;]}" type="org.openqa.selenium.NoSuchElementException">
      <![CDATA[org.openqa.selenium.NoSuchElementException: An element could not be located on the page using the given search parameters.
For documentation on this error, please visit: http://seleniumhq.org/exceptions/no_such_element.html
Build info: version: '3.4.0', revision: 'unknown', time: 'unknown'
System info: host: 'MCBL-8856', ip: '172.20.1.111', os.name: 'Windows 10', os.arch: 'amd64', os.version: '10.0', java.version: '18.0.2'
Driver info: io.appium.java_client.android.AndroidDriver
Capabilities [{appPackage=com.mahidracomviva.payplus.sdkdemo, statBarHeight=88.0, viewportRect={top=88.0, left=0.0, width=1080.0, height=2080.0}, deviceName=RZCT80GY6XM, platform=LINUX, deviceUDID=RZCT80GY6XM, desired={appPackage=com.mahidracomviva.payplus.sdkdemo, appActivity=.MainActivity, reportDirectory=reports, unicodeKeyboard=true, resetkeyboard=true, platformName=Android, udid=RZCT80GY6XM, deviceName=samsung SM-G781B}, platformVersion=13, webStorageEnabled=false, takesScreenshot=true, reportDirectory=reports, javascriptEnabled=true, unicodeKeyboard=true, resetkeyboard=true, platformName=Android, udid=RZCT80GY6XM, deviceApiLevel=33.0, deviceManufacturer=samsung, deviceScreenSize=1080x2400, networkConnectionEnabled=true, warnings={}, databaseEnabled=false, appActivity=.MainActivity, pixelRatio=3.0, locationContextEnabled=false, deviceScreenDensity=480.0, deviceModel=SM-G781B}]
Session ID: bc273a2d-7734-4728-872e-8fda27a74dab
*** Element info: {Using=xpath, value=//*[@text='OK' or @text='Ok']}
at java.base/jdk.internal.reflect.DirectConstructorHandleAccessor.newInstance(DirectConstructorHandleAccessor.java:67)
at java.base/java.lang.reflect.Constructor.newInstanceWithCaller(Constructor.java:499)
at java.base/java.lang.reflect.Constructor.newInstance(Constructor.java:483)
at org.openqa.selenium.remote.http.W3CHttpResponseCodec.createException(W3CHttpResponseCodec.java:150)
at org.openqa.selenium.remote.http.W3CHttpResponseCodec.decode(W3CHttpResponseCodec.java:115)
at org.openqa.selenium.remote.http.W3CHttpResponseCodec.decode(W3CHttpResponseCodec.java:45)
at org.openqa.selenium.remote.HttpCommandExecutor.execute(HttpCommandExecutor.java:164)
at io.appium.java_client.remote.AppiumCommandExecutor.execute(AppiumCommandExecutor.java:69)
at org.openqa.selenium.remote.RemoteWebDriver.execute(RemoteWebDriver.java:637)
at io.appium.java_client.DefaultGenericMobileDriver.execute(DefaultGenericMobileDriver.java:40)
at io.appium.java_client.AppiumDriver.execute(AppiumDriver.java:1)
at io.appium.java_client.android.AndroidDriver.execute(AndroidDriver.java:1)
at org.openqa.selenium.remote.RemoteWebDriver.findElement(RemoteWebDriver.java:410)
at io.appium.java_client.DefaultGenericMobileDriver.findElement(DefaultGenericMobileDriver.java:56)
at io.appium.java_client.AppiumDriver.findElement(AppiumDriver.java:1)
at io.appium.java_client.android.AndroidDriver.findElement(AndroidDriver.java:1)
at org.openqa.selenium.remote.RemoteWebDriver.findElementByXPath(RemoteWebDriver.java:509)
at io.appium.java_client.DefaultGenericMobileDriver.findElementByXPath(DefaultGenericMobileDriver.java:134)
at io.appium.java_client.AppiumDriver.findElementByXPath(AppiumDriver.java:1)
at io.appium.java_client.android.AndroidDriver.findElementByXPath(AndroidDriver.java:1)
at pageObjects.CardSavePageObjects.click_On_Ok_Button(CardSavePageObjects.java:262)
at testRuns.CardSaveScreenTest.verifySuccessfulCardPaymentMastercard(CardSaveScreenTest.java:118)
at java.base/jdk.internal.reflect.DirectMethodHandleAccessor.invoke(DirectMethodHandleAccessor.java:104)
at java.base/java.lang.reflect.Method.invoke(Method.java:577)
at org.testng.internal.MethodInvocationHelper.invokeMethod(MethodInvocationHelper.java:133)
at org.testng.internal.TestInvoker.invokeMethod(TestInvoker.java:598)
at org.testng.internal.TestInvoker.invokeTestMethod(TestInvoker.java:173)
at org.testng.internal.MethodRunner.runInSequence(MethodRunner.java:46)
at org.testng.internal.TestInvoker$MethodInvocationAgent.invoke(TestInvoker.java:824)
at org.testng.internal.TestInvoker.invokeTestMethods(TestInvoker.java:146)
at org.testng.internal.TestMethodWorker.invokeTestMethods(TestMethodWorker.java:146)
at org.testng.internal.TestMethodWorker.run(TestMethodWorker.java:128)
at java.base/java.util.ArrayList.forEach(ArrayList.java:1511)
at org.testng.TestRunner.privateRun(TestRunner.java:794)
at org.testng.TestRunner.run(TestRunner.java:596)
at org.testng.SuiteRunner.runTest(SuiteRunner.java:377)
at org.testng.SuiteRunner.runSequentially(SuiteRunner.java:371)
at org.testng.SuiteRunner.privateRun(SuiteRunner.java:332)
at org.testng.SuiteRunner.run(SuiteRunner.java:276)
at org.testng.SuiteRunnerWorker.runSuite(SuiteRunnerWorker.java:53)
at org.testng.SuiteRunnerWorker.run(SuiteRunnerWorker.java:96)
at org.testng.TestNG.runSuitesSequentially(TestNG.java:1212)
at org.testng.TestNG.runSuitesLocally(TestNG.java:1134)
at org.testng.TestNG.runSuites(TestNG.java:1063)
at org.testng.TestNG.run(TestNG.java:1031)
at org.testng.remote.AbstractRemoteTestNG.run(AbstractRemoteTestNG.java:115)
at org.testng.remote.RemoteTestNG.initAndRun(RemoteTestNG.java:251)
at org.testng.remote.RemoteTestNG.main(RemoteTestNG.java:77)
]]>
    </error>
  </testcase> <!-- verifySuccessfulCardPaymentMastercard -->
  <system-out/>
  <testcase classname="testRuns.CardSaveScreenTest" name="verifySuccessfulCardPaymentVisa">
    <skipped/>
  </testcase> <!-- verifySuccessfulCardPaymentVisa -->
  <system-out/>
  <testcase classname="testRuns.CardSaveScreenTest" name="verifySuccessfulCardPaymentDinersClub">
    <skipped/>
  </testcase> <!-- verifySuccessfulCardPaymentDinersClub -->
  <system-out/>
  <testcase classname="testRuns.CardSaveScreenTest" name="verifySuccessfulCardPaymentDiscover">
    <skipped/>
  </testcase> <!-- verifySuccessfulCardPaymentDiscover -->
  <system-out/>
  <testcase classname="testRuns.CardSaveScreenTest" name="verifyCardWithInvalidCard_Click_On_Retry_to_Make_successfull_payemnt">
    <skipped/>
  </testcase> <!-- verifyCardWithInvalidCard_Click_On_Retry_to_Make_successfull_payemnt -->
  <system-out/>
  <testcase classname="testRuns.CardSaveScreenTest" name="verifySuccessfulCardPaymentAmex">
    <skipped/>
  </testcase> <!-- verifySuccessfulCardPaymentAmex -->
  <system-out/>
  <testcase classname="testRuns.CardSaveScreenTest" name="verifyCardSaveScreenLaunch">
    <skipped/>
  </testcase> <!-- verifyCardSaveScreenLaunch -->
  <system-out/>
</testsuite> <!-- testRuns.CardSaveScreenTest -->
