<?xml version="1.0" encoding="UTF-8"?>
<!-- Generated by org.testng.reporters.JUnitReportReporter -->
<testsuite hostname="Satikants-MacBook-Air.local" failures="0" tests="7" name="testRunsAndroid.HomeWalletScreenTest" time="20.757" errors="1" timestamp="2023-02-23T14:37:32 IST" skipped="6">
  <testcase classname="testRunsAndroid.HomeWalletScreenTest" name="validate_that_only_one_Selected" time="20.757">
    <error message="An element could not be located on the page using the given search parameters.
For documentation on this error, please visit: http://seleniumhq.org/exceptions/no_such_element.html
Build info: version: &#039;3.4.0&#039;, revision: &#039;unknown&#039;, time: &#039;unknown&#039;
System info: host: &#039;Satikants-MacBook-Air.local&#039;, ip: &#039;fe80:0:0:0:1077:573f:2eab:12b6%en0&#039;, os.name: &#039;Mac OS X&#039;, os.arch: &#039;x86_64&#039;, os.version: &#039;13.2.1&#039;, java.version: &#039;18.0.2.1&#039;
Driver info: io.appium.java_client.android.AndroidDriver
Capabilities [{appPackage=com.mahidracomviva.payplus.sdkdemo, statBarHeight=136.0, viewportRect={top=136.0, left=0.0, width=1440.0, height=2680.0}, deviceName=emulator-5554, platform=LINUX, deviceUDID=emulator-5554, desired={appPackage=com.mahidracomviva.payplus.sdkdemo, appActivity=.MainActivity, reportDirectory=reports, unicodeKeyboard=true, resetkeyboard=true, platformName=Android, deviceName=emulator-5554, DeviceIdentifier=emulator-5554}, platformVersion=12, webStorageEnabled=false, takesScreenshot=true, reportDirectory=reports, javascriptEnabled=true, unicodeKeyboard=true, resetkeyboard=true, platformName=Android, deviceApiLevel=31.0, deviceManufacturer=Google, deviceScreenSize=1440x3120, networkConnectionEnabled=true, warnings={}, databaseEnabled=false, DeviceIdentifier=emulator-5554, appActivity=.MainActivity, pixelRatio=3.5, locationContextEnabled=false, deviceScreenDensity=560.0, deviceModel=sdk_gphone64_arm64}]
Session ID: a29e9ee8-1d38-442c-8efe-d6b28b599d09
*** Element info: {Using=xpath, value=//*[contains(@text,&#039;Mpesa&#039;)]}" type="org.openqa.selenium.NoSuchElementException">
      <![CDATA[org.openqa.selenium.NoSuchElementException: An element could not be located on the page using the given search parameters.
For documentation on this error, please visit: http://seleniumhq.org/exceptions/no_such_element.html
Build info: version: '3.4.0', revision: 'unknown', time: 'unknown'
System info: host: 'Satikants-MacBook-Air.local', ip: 'fe80:0:0:0:1077:573f:2eab:12b6%en0', os.name: 'Mac OS X', os.arch: 'x86_64', os.version: '13.2.1', java.version: '18.0.2.1'
Driver info: io.appium.java_client.android.AndroidDriver
Capabilities [{appPackage=com.mahidracomviva.payplus.sdkdemo, statBarHeight=136.0, viewportRect={top=136.0, left=0.0, width=1440.0, height=2680.0}, deviceName=emulator-5554, platform=LINUX, deviceUDID=emulator-5554, desired={appPackage=com.mahidracomviva.payplus.sdkdemo, appActivity=.MainActivity, reportDirectory=reports, unicodeKeyboard=true, resetkeyboard=true, platformName=Android, deviceName=emulator-5554, DeviceIdentifier=emulator-5554}, platformVersion=12, webStorageEnabled=false, takesScreenshot=true, reportDirectory=reports, javascriptEnabled=true, unicodeKeyboard=true, resetkeyboard=true, platformName=Android, deviceApiLevel=31.0, deviceManufacturer=Google, deviceScreenSize=1440x3120, networkConnectionEnabled=true, warnings={}, databaseEnabled=false, DeviceIdentifier=emulator-5554, appActivity=.MainActivity, pixelRatio=3.5, locationContextEnabled=false, deviceScreenDensity=560.0, deviceModel=sdk_gphone64_arm64}]
Session ID: a29e9ee8-1d38-442c-8efe-d6b28b599d09
*** Element info: {Using=xpath, value=//*[contains(@text,'Mpesa')]}
at java.base/jdk.internal.reflect.DirectConstructorHandleAccessor.newInstance(DirectConstructorHandleAccessor.java:67)
at java.base/java.lang.reflect.Constructor.newInstanceWithCaller(Constructor.java:499)
at java.base/java.lang.reflect.Constructor.newInstance(Constructor.java:483)
at org.openqa.selenium.remote.http.W3CHttpResponseCodec.createException(W3CHttpResponseCodec.java:150)
at org.openqa.selenium.remote.http.W3CHttpResponseCodec.decode(W3CHttpResponseCodec.java:115)
at org.openqa.selenium.remote.http.W3CHttpResponseCodec.decode(W3CHttpResponseCodec.java:45)
at org.openqa.selenium.remote.HttpCommandExecutor.execute(HttpCommandExecutor.java:164)
at io.appium.java_client.remote.AppiumCommandExecutor.execute(AppiumCommandExecutor.java:69)
at org.openqa.selenium.remote.RemoteWebDriver.execute(RemoteWebDriver.java:637)
at io.appium.java_client.DefaultGenericMobileDriver.execute(DefaultGenericMobileDriver.java:40)
at io.appium.java_client.AppiumDriver.execute(AppiumDriver.java:1)
at io.appium.java_client.android.AndroidDriver.execute(AndroidDriver.java:1)
at org.openqa.selenium.remote.RemoteWebDriver.findElement(RemoteWebDriver.java:410)
at io.appium.java_client.DefaultGenericMobileDriver.findElement(DefaultGenericMobileDriver.java:56)
at io.appium.java_client.AppiumDriver.findElement(AppiumDriver.java:1)
at io.appium.java_client.android.AndroidDriver.findElement(AndroidDriver.java:1)
at org.openqa.selenium.remote.RemoteWebDriver.findElementByXPath(RemoteWebDriver.java:509)
at io.appium.java_client.DefaultGenericMobileDriver.findElementByXPath(DefaultGenericMobileDriver.java:134)
at io.appium.java_client.AppiumDriver.findElementByXPath(AppiumDriver.java:1)
at io.appium.java_client.android.AndroidDriver.findElementByXPath(AndroidDriver.java:1)
at pageObjectsAndroid.HomeWalletObject.validate_that_only_one_wallet_is_selected(HomeWalletObject.java:163)
at testRunsAndroid.HomeWalletScreenTest.validate_that_only_one_Selected(HomeWalletScreenTest.java:117)
at java.base/jdk.internal.reflect.DirectMethodHandleAccessor.invoke(DirectMethodHandleAccessor.java:104)
at java.base/java.lang.reflect.Method.invoke(Method.java:577)
at org.testng.internal.MethodInvocationHelper.invokeMethod(MethodInvocationHelper.java:133)
at org.testng.internal.TestInvoker.invokeMethod(TestInvoker.java:598)
at org.testng.internal.TestInvoker.invokeTestMethod(TestInvoker.java:173)
at org.testng.internal.MethodRunner.runInSequence(MethodRunner.java:46)
at org.testng.internal.TestInvoker$MethodInvocationAgent.invoke(TestInvoker.java:824)
at org.testng.internal.TestInvoker.invokeTestMethods(TestInvoker.java:146)
at org.testng.internal.TestMethodWorker.invokeTestMethods(TestMethodWorker.java:146)
at org.testng.internal.TestMethodWorker.run(TestMethodWorker.java:128)
at java.base/java.util.ArrayList.forEach(ArrayList.java:1511)
at org.testng.TestRunner.privateRun(TestRunner.java:794)
at org.testng.TestRunner.run(TestRunner.java:596)
at org.testng.SuiteRunner.runTest(SuiteRunner.java:377)
at org.testng.SuiteRunner.runSequentially(SuiteRunner.java:371)
at org.testng.SuiteRunner.privateRun(SuiteRunner.java:332)
at org.testng.SuiteRunner.run(SuiteRunner.java:276)
at org.testng.SuiteRunnerWorker.runSuite(SuiteRunnerWorker.java:53)
at org.testng.SuiteRunnerWorker.run(SuiteRunnerWorker.java:96)
at org.testng.TestNG.runSuitesSequentially(TestNG.java:1212)
at org.testng.TestNG.runSuitesLocally(TestNG.java:1134)
at org.testng.TestNG.runSuites(TestNG.java:1063)
at org.testng.TestNG.run(TestNG.java:1031)
at org.testng.remote.AbstractRemoteTestNG.run(AbstractRemoteTestNG.java:115)
at org.testng.remote.RemoteTestNG.initAndRun(RemoteTestNG.java:251)
at org.testng.remote.RemoteTestNG.main(RemoteTestNG.java:77)
]]>
    </error>
  </testcase> <!-- validate_that_only_one_Selected -->
  <system-out/>
  <testcase classname="testRunsAndroid.HomeWalletScreenTest" name="captureNewOrderId">
    <skipped/>
  </testcase> <!-- captureNewOrderId -->
  <system-out/>
  <testcase classname="testRunsAndroid.HomeWalletScreenTest" name="validate_that_Pay_button_is_Visible_After_WalletSelection">
    <skipped/>
  </testcase> <!-- validate_that_Pay_button_is_Visible_After_WalletSelection -->
  <system-out/>
  <testcase classname="testRunsAndroid.HomeWalletScreenTest" name="validate_that_only_Push_Notification_Based_Wallets_are_shown_if_Recurring_Payment_is_selected">
    <skipped/>
  </testcase> <!-- validate_that_only_Push_Notification_Based_Wallets_are_shown_if_Recurring_Payment_is_selected -->
  <system-out/>
  <testcase classname="testRunsAndroid.HomeWalletScreenTest" name="validatethatwalletlistisdisplayed">
    <skipped/>
  </testcase> <!-- validatethatwalletlistisdisplayed -->
  <system-out/>
  <testcase classname="testRunsAndroid.HomeWalletScreenTest" name="validate_wallet_success_flow">
    <skipped/>
  </testcase> <!-- validate_wallet_success_flow -->
  <system-out/>
  <testcase classname="testRunsAndroid.HomeWalletScreenTest" name="back_navigation_Home_Screen">
    <skipped/>
  </testcase> <!-- back_navigation_Home_Screen -->
  <system-out/>
</testsuite> <!-- testRunsAndroid.HomeWalletScreenTest -->
